#
# There is insufficient memory for the Java Runtime Environment to continue.
# Native memory allocation (malloc) failed to allocate 1040176 bytes for Chunk::new
# Possible reasons:
#   The system is out of physical RAM or swap space
#   The process is running with CompressedOops enabled, and the Java Heap may be blocking the growth of the native heap
# Possible solutions:
#   Reduce memory load on the system
#   Increase physical memory or swap space
#   Check if swap backing store is full
#   Decrease Java heap size (-Xmx/-Xms)
#   Decrease number of Java threads
#   Decrease Java thread stack sizes (-Xss)
#   Set larger code cache with -XX:ReservedCodeCacheSize=
#   JVM is running with Unscaled Compressed Oops mode in which the Java heap is
#     placed in the first 4GB address space. The Java Heap base address is the
#     maximum limit for the native heap growth. Please use -XX:HeapBaseMinAddress
#     to set the Java Heap base and to place the Java Heap above 4GB virtual address.
# This output file may be truncated or incomplete.
#
#  Out of Memory Error (arena.cpp:168), pid=20592, tid=21508
#
# JRE version: Java(TM) SE Runtime Environment (21.0.6+8) (build 21.0.6+8-LTS-188)
# Java VM: Java HotSpot(TM) 64-Bit Server VM (21.0.6+8-LTS-188, mixed mode, sharing, tiered, compressed oops, compressed class ptrs, g1 gc, windows-amd64)
# No core dump will be written. Minidumps are not enabled by default on client versions of Windows
#

---------------  S U M M A R Y ------------

Command Line: -Dclassworlds.conf=C:/apache-maven-3.9.4/bin/m2.conf -Dmaven.home=C:/apache-maven-3.9.4 -Dlibrary.jansi.path=C:/apache-maven-3.9.4/lib/jansi-native -Dmaven.multiModuleProjectDirectory=C:/trustflow-backend/compliance-auth-service org.codehaus.plexus.classworlds.launcher.Launcher test-compile -Dmaven.compiler.fork=false

Host: AMD Ryzen 5 3500U with Radeon Vega Mobile Gfx  , 8 cores, 6G,  Windows 11 , 64 bit Build 26100 (10.0.26100.7623)
Time: Thu Mar 26 23:05:27 2026  Windows 11 , 64 bit Build 26100 (10.0.26100.7623) elapsed time: 9.770058 seconds (0d 0h 0m 9s)

---------------  T H R E A D  ---------------

Current thread (0x000001747e28f700):  JavaThread "C2 CompilerThread1" daemon [_thread_in_native, id=21508, stack(0x00000015a1900000,0x00000015a1a00000) (1024K)]


Current CompileTask:
C2:   9770 6720       4       lombok.core.AST::buildWithField (21 bytes)

Stack: [0x00000015a1900000,0x00000015a1a00000]
Native frames: (J=compiled Java code, j=interpreted, Vv=VM code, C=native code)
V  [jvm.dll+0x6ca6d9]
V  [jvm.dll+0x854f51]
V  [jvm.dll+0x85747e]
V  [jvm.dll+0x857b53]
V  [jvm.dll+0x27dcc6]
V  [jvm.dll+0xc4c2d]
V  [jvm.dll+0xc5163]
V  [jvm.dll+0x3b515c]
V  [jvm.dll+0x1df4aa]
V  [jvm.dll+0x246a72]
V  [jvm.dll+0x245eff]
V  [jvm.dll+0x1c6d2e]
V  [jvm.dll+0x2554f9]
V  [jvm.dll+0x253a8a]
V  [jvm.dll+0x3ee576]
V  [jvm.dll+0x7ff2fb]
V  [jvm.dll+0x6c8dbd]
C  [ucrtbase.dll+0x37b0]
C  [KERNEL32.DLL+0x2e8d7]
C  [ntdll.dll+0x8c53c]


---------------  P R O C E S S  ---------------

Threads class SMR info:
_java_thread_list=0x00000174419c28b0, length=14, elements={
0x000001745b0fc4e0, 0x00000174798b7ff0, 0x00000174798baa50, 0x00000174798c22c0,
0x00000174798c30a0, 0x00000174798c3f80, 0x00000174798c8e00, 0x00000174798cbd00,
0x00000174798cc790, 0x0000017479b43b80, 0x0000017479b47d30, 0x000001747e28f700,
0x00000174427d3050, 0x00000174413fd3b0
}

Java Threads: ( => current thread )
  0x000001745b0fc4e0 JavaThread "main"                              [_thread_blocked, id=22408, stack(0x00000015a0700000,0x00000015a0800000) (1024K)]
  0x00000174798b7ff0 JavaThread "Reference Handler"          daemon [_thread_blocked, id=21036, stack(0x00000015a0f00000,0x00000015a1000000) (1024K)]
  0x00000174798baa50 JavaThread "Finalizer"                  daemon [_thread_blocked, id=11560, stack(0x00000015a1000000,0x00000015a1100000) (1024K)]
  0x00000174798c22c0 JavaThread "Signal Dispatcher"          daemon [_thread_blocked, id=17740, stack(0x00000015a1100000,0x00000015a1200000) (1024K)]
  0x00000174798c30a0 JavaThread "Attach Listener"            daemon [_thread_blocked, id=13620, stack(0x00000015a1200000,0x00000015a1300000) (1024K)]
  0x00000174798c3f80 JavaThread "Service Thread"             daemon [_thread_blocked, id=20800, stack(0x00000015a1300000,0x00000015a1400000) (1024K)]
  0x00000174798c8e00 JavaThread "Monitor Deflation Thread"   daemon [_thread_blocked, id=22896, stack(0x00000015a1400000,0x00000015a1500000) (1024K)]
  0x00000174798cbd00 JavaThread "C2 CompilerThread0"         daemon [_thread_in_native, id=8968, stack(0x00000015a1500000,0x00000015a1600000) (1024K)]
  0x00000174798cc790 JavaThread "C1 CompilerThread0"         daemon [_thread_in_native, id=16264, stack(0x00000015a1600000,0x00000015a1700000) (1024K)]
  0x0000017479b43b80 JavaThread "Notification Thread"        daemon [_thread_blocked, id=23380, stack(0x00000015a1700000,0x00000015a1800000) (1024K)]
  0x0000017479b47d30 JavaThread "Common-Cleaner"             daemon [_thread_blocked, id=23472, stack(0x00000015a1800000,0x00000015a1900000) (1024K)]
=>0x000001747e28f700 JavaThread "C2 CompilerThread1"         daemon [_thread_in_native, id=21508, stack(0x00000015a1900000,0x00000015a1a00000) (1024K)]
  0x00000174427d3050 JavaThread "C2 CompilerThread2"         daemon [_thread_in_native, id=17852, stack(0x00000015a1a00000,0x00000015a1b00000) (1024K)]
  0x00000174413fd3b0 Thread "Unknown thread"                        [id=16788, stack(0x00000015a2300000,0x00000015a2400000) (1024K)]
Total: 14

Other Threads:
  0x000001747989b9d0 VMThread "VM Thread"                           [id=16028, stack(0x00000015a0e00000,0x00000015a0f00000) (1024K)]
  0x0000017479889d90 WatcherThread "VM Periodic Task Thread"        [id=15852, stack(0x00000015a0d00000,0x00000015a0e00000) (1024K)]
  0x000001745d4505d0 WorkerThread "GC Thread#0"                     [id=19984, stack(0x00000015a0800000,0x00000015a0900000) (1024K)]
  0x000001747eb82690 WorkerThread "GC Thread#1"                     [id=4788, stack(0x00000015a1b00000,0x00000015a1c00000) (1024K)]
  0x000001747e98c880 WorkerThread "GC Thread#2"                     [id=23148, stack(0x00000015a1c00000,0x00000015a1d00000) (1024K)]
  0x000001747e98cc20 WorkerThread "GC Thread#3"                     [id=22776, stack(0x00000015a1d00000,0x00000015a1e00000) (1024K)]
  0x000001747e98d3c0 WorkerThread "GC Thread#4"                     [id=21740, stack(0x00000015a1e00000,0x00000015a1f00000) (1024K)]
  0x000001747e98d760 WorkerThread "GC Thread#5"                     [id=23252, stack(0x00000015a1f00000,0x00000015a2000000) (1024K)]
  0x000001747e98db00 WorkerThread "GC Thread#6"                     [id=23360, stack(0x00000015a2000000,0x00000015a2100000) (1024K)]
  0x000001747e98dea0 WorkerThread "GC Thread#7"                     [id=1040, stack(0x00000015a2100000,0x00000015a2200000) (1024K)]
  0x000001745d461150 ConcurrentGCThread "G1 Main Marker"            [id=15784, stack(0x00000015a0900000,0x00000015a0a00000) (1024K)]
  0x000001745d461b60 WorkerThread "G1 Conc#0"                       [id=19584, stack(0x00000015a0a00000,0x00000015a0b00000) (1024K)]
  0x000001747ec08ff0 WorkerThread "G1 Conc#1"                       [id=22432, stack(0x00000015a2200000,0x00000015a2300000) (1024K)]
  0x0000017479755c20 ConcurrentGCThread "G1 Refine#0"               [id=11520, stack(0x00000015a0b00000,0x00000015a0c00000) (1024K)]
  0x0000017479757550 ConcurrentGCThread "G1 Service"                [id=20216, stack(0x00000015a0c00000,0x00000015a0d00000) (1024K)]
Total: 15

Threads with active compile tasks:
C2 CompilerThread0     9827 6722   !   4       jdk.internal.loader.BuiltinClassLoader::loadClassOrNull (143 bytes)
C2 CompilerThread1     9827 6720       4       lombok.core.AST::buildWithField (21 bytes)
C2 CompilerThread2     9828 6778       4       com.sun.tools.javac.code.Symtab::lookupPackage (259 bytes)
Total: 3

VM state: not at safepoint (normal execution)

VM Mutex/Monitor currently owned by a thread: None

Heap address: 0x0000000091000000, size: 1776 MB, Compressed Oops mode: 32-bit

CDS archive(s) mapped at: [0x0000017400000000-0x0000017400c90000-0x0000017400c90000), size 13172736, SharedBaseAddress: 0x0000017400000000, ArchiveRelocationMode: 1.
Compressed class space mapped at: 0x0000017401000000-0x0000017441000000, reserved size: 1073741824
Narrow klass base: 0x0000017400000000, Narrow klass shift: 0, Narrow klass range: 0x100000000

GC Precious Log:
 CardTable entry size: 512
 Card Set container configuration: InlinePtr #cards 5 size 8 Array Of Cards #cards 12 size 40 Howl #buckets 4 coarsen threshold 1843 Howl Bitmap #cards 512 size 80 coarsen threshold 460 Card regions per heap region 1 cards per card region 2048
 CPUs: 8 total, 8 available
 Memory: 7103M
 Large Page Support: Disabled
 NUMA Support: Disabled
 Compressed Oops: Enabled (32-bit)
 Heap Region Size: 1M
 Heap Min Capacity: 8M
 Heap Initial Capacity: 112M
 Heap Max Capacity: 1776M
 Pre-touch: Disabled
 Parallel Workers: 8
 Concurrent Workers: 2
 Concurrent Refinement Workers: 8
 Periodic GC: Disabled

Heap:
 garbage-first heap   total 141312K, used 104288K [0x0000000091000000, 0x0000000100000000)
  region size 1024K, 62 young (63488K), 11 survivors (11264K)
 Metaspace       used 29334K, committed 29696K, reserved 1114112K
  class space    used 3239K, committed 3392K, reserved 1048576K

Heap Regions: E=young(eden), S=young(survivor), O=old, HS=humongous(starts), HC=humongous(continues), CS=collection set, F=free, TAMS=top-at-mark-start, PB=parsable bottom
|   0|0x0000000091000000, 0x0000000091100000, 0x0000000091100000|100%| O|  |TAMS 0x0000000091000000| PB 0x0000000091000000| Untracked 
|   1|0x0000000091100000, 0x0000000091200000, 0x0000000091200000|100%| O|  |TAMS 0x0000000091100000| PB 0x0000000091100000| Untracked 
|   2|0x0000000091200000, 0x0000000091300000, 0x0000000091300000|100%| O|  |TAMS 0x0000000091200000| PB 0x0000000091200000| Untracked 
|   3|0x0000000091300000, 0x0000000091400000, 0x0000000091400000|100%| O|  |TAMS 0x0000000091300000| PB 0x0000000091300000| Untracked 
|   4|0x0000000091400000, 0x0000000091500000, 0x0000000091500000|100%| O|  |TAMS 0x0000000091400000| PB 0x0000000091400000| Untracked 
|   5|0x0000000091500000, 0x0000000091600000, 0x0000000091600000|100%| O|  |TAMS 0x0000000091500000| PB 0x0000000091500000| Untracked 
|   6|0x0000000091600000, 0x0000000091700000, 0x0000000091700000|100%| O|  |TAMS 0x0000000091600000| PB 0x0000000091600000| Untracked 
|   7|0x0000000091700000, 0x0000000091800000, 0x0000000091800000|100%| O|  |TAMS 0x0000000091700000| PB 0x0000000091700000| Untracked 
|   8|0x0000000091800000, 0x0000000091900000, 0x0000000091900000|100%| O|  |TAMS 0x0000000091800000| PB 0x0000000091800000| Untracked 
|   9|0x0000000091900000, 0x0000000091a00000, 0x0000000091a00000|100%| O|  |TAMS 0x0000000091900000| PB 0x0000000091900000| Untracked 
|  10|0x0000000091a00000, 0x0000000091b00000, 0x0000000091b00000|100%| O|  |TAMS 0x0000000091a00000| PB 0x0000000091a00000| Untracked 
|  11|0x0000000091b00000, 0x0000000091c00000, 0x0000000091c00000|100%| O|  |TAMS 0x0000000091b00000| PB 0x0000000091b00000| Untracked 
|  12|0x0000000091c00000, 0x0000000091d00000, 0x0000000091d00000|100%| O|  |TAMS 0x0000000091c00000| PB 0x0000000091c00000| Untracked 
|  13|0x0000000091d00000, 0x0000000091e00000, 0x0000000091e00000|100%| O|  |TAMS 0x0000000091d00000| PB 0x0000000091d00000| Untracked 
|  14|0x0000000091e00000, 0x0000000091e00000, 0x0000000091f00000|  0%| F|  |TAMS 0x0000000091e00000| PB 0x0000000091e00000| Untracked 
|  15|0x0000000091f00000, 0x0000000091f00000, 0x0000000092000000|  0%| F|  |TAMS 0x0000000091f00000| PB 0x0000000091f00000| Untracked 
|  16|0x0000000092000000, 0x0000000092000000, 0x0000000092100000|  0%| F|  |TAMS 0x0000000092000000| PB 0x0000000092000000| Untracked 
|  17|0x0000000092100000, 0x0000000092200000, 0x0000000092200000|100%|HS|  |TAMS 0x0000000092100000| PB 0x0000000092100000| Complete 
|  18|0x0000000092200000, 0x0000000092300000, 0x0000000092300000|100%|HC|  |TAMS 0x0000000092200000| PB 0x0000000092200000| Complete 
|  19|0x0000000092300000, 0x0000000092400000, 0x0000000092400000|100%|HC|  |TAMS 0x0000000092300000| PB 0x0000000092300000| Complete 
|  20|0x0000000092400000, 0x0000000092500000, 0x0000000092500000|100%|HS|  |TAMS 0x0000000092400000| PB 0x0000000092400000| Complete 
|  21|0x0000000092500000, 0x0000000092600000, 0x0000000092600000|100%|HS|  |TAMS 0x0000000092500000| PB 0x0000000092500000| Complete 
|  22|0x0000000092600000, 0x0000000092700000, 0x0000000092700000|100%|HS|  |TAMS 0x0000000092600000| PB 0x0000000092600000| Complete 
|  23|0x0000000092700000, 0x0000000092800000, 0x0000000092800000|100%|HC|  |TAMS 0x0000000092700000| PB 0x0000000092700000| Complete 
|  24|0x0000000092800000, 0x0000000092800000, 0x0000000092900000|  0%| F|  |TAMS 0x0000000092800000| PB 0x0000000092800000| Untracked 
|  25|0x0000000092900000, 0x0000000092900000, 0x0000000092a00000|  0%| F|  |TAMS 0x0000000092900000| PB 0x0000000092900000| Untracked 
|  26|0x0000000092a00000, 0x0000000092a00000, 0x0000000092b00000|  0%| F|  |TAMS 0x0000000092a00000| PB 0x0000000092a00000| Untracked 
|  27|0x0000000092b00000, 0x0000000092b00000, 0x0000000092c00000|  0%| F|  |TAMS 0x0000000092b00000| PB 0x0000000092b00000| Untracked 
|  28|0x0000000092c00000, 0x0000000092c00000, 0x0000000092d00000|  0%| F|  |TAMS 0x0000000092c00000| PB 0x0000000092c00000| Untracked 
|  29|0x0000000092d00000, 0x0000000092d00000, 0x0000000092e00000|  0%| F|  |TAMS 0x0000000092d00000| PB 0x0000000092d00000| Untracked 
|  30|0x0000000092e00000, 0x0000000092e00000, 0x0000000092f00000|  0%| F|  |TAMS 0x0000000092e00000| PB 0x0000000092e00000| Untracked 
|  31|0x0000000092f00000, 0x0000000092f00000, 0x0000000093000000|  0%| F|  |TAMS 0x0000000092f00000| PB 0x0000000092f00000| Untracked 
|  32|0x0000000093000000, 0x0000000093000000, 0x0000000093100000|  0%| F|  |TAMS 0x0000000093000000| PB 0x0000000093000000| Untracked 
|  33|0x0000000093100000, 0x0000000093100000, 0x0000000093200000|  0%| F|  |TAMS 0x0000000093100000| PB 0x0000000093100000| Untracked 
|  34|0x0000000093200000, 0x0000000093200000, 0x0000000093300000|  0%| F|  |TAMS 0x0000000093200000| PB 0x0000000093200000| Untracked 
|  35|0x0000000093300000, 0x0000000093300000, 0x0000000093400000|  0%| F|  |TAMS 0x0000000093300000| PB 0x0000000093300000| Untracked 
|  36|0x0000000093400000, 0x0000000093400000, 0x0000000093500000|  0%| F|  |TAMS 0x0000000093400000| PB 0x0000000093400000| Untracked 
|  37|0x0000000093500000, 0x0000000093500000, 0x0000000093600000|  0%| F|  |TAMS 0x0000000093500000| PB 0x0000000093500000| Untracked 
|  38|0x0000000093600000, 0x0000000093600000, 0x0000000093700000|  0%| F|  |TAMS 0x0000000093600000| PB 0x0000000093600000| Untracked 
|  39|0x0000000093700000, 0x0000000093700000, 0x0000000093800000|  0%| F|  |TAMS 0x0000000093700000| PB 0x0000000093700000| Untracked 
|  40|0x0000000093800000, 0x0000000093800000, 0x0000000093900000|  0%| F|  |TAMS 0x0000000093800000| PB 0x0000000093800000| Untracked 
|  41|0x0000000093900000, 0x0000000093900000, 0x0000000093a00000|  0%| F|  |TAMS 0x0000000093900000| PB 0x0000000093900000| Untracked 
|  42|0x0000000093a00000, 0x0000000093a00000, 0x0000000093b00000|  0%| F|  |TAMS 0x0000000093a00000| PB 0x0000000093a00000| Untracked 
|  43|0x0000000093b00000, 0x0000000093b00000, 0x0000000093c00000|  0%| F|  |TAMS 0x0000000093b00000| PB 0x0000000093b00000| Untracked 
|  44|0x0000000093c00000, 0x0000000093c00000, 0x0000000093d00000|  0%| F|  |TAMS 0x0000000093c00000| PB 0x0000000093c00000| Untracked 
|  45|0x0000000093d00000, 0x0000000093d00000, 0x0000000093e00000|  0%| F|  |TAMS 0x0000000093d00000| PB 0x0000000093d00000| Untracked 
|  46|0x0000000093e00000, 0x0000000093e00000, 0x0000000093f00000|  0%| F|  |TAMS 0x0000000093e00000| PB 0x0000000093e00000| Untracked 
|  47|0x0000000093f00000, 0x0000000093f00000, 0x0000000094000000|  0%| F|  |TAMS 0x0000000093f00000| PB 0x0000000093f00000| Untracked 
|  48|0x0000000094000000, 0x0000000094000000, 0x0000000094100000|  0%| F|  |TAMS 0x0000000094000000| PB 0x0000000094000000| Untracked 
|  49|0x0000000094100000, 0x0000000094100000, 0x0000000094200000|  0%| F|  |TAMS 0x0000000094100000| PB 0x0000000094100000| Untracked 
|  50|0x0000000094200000, 0x0000000094300000, 0x0000000094300000|100%| O|  |TAMS 0x0000000094200000| PB 0x0000000094200000| Untracked 
|  51|0x0000000094300000, 0x0000000094400000, 0x0000000094400000|100%| O|  |TAMS 0x0000000094300000| PB 0x0000000094300000| Untracked 
|  52|0x0000000094400000, 0x0000000094500000, 0x0000000094500000|100%| O|  |TAMS 0x0000000094400000| PB 0x0000000094400000| Untracked 
|  53|0x0000000094500000, 0x0000000094600000, 0x0000000094600000|100%| O|  |TAMS 0x0000000094500000| PB 0x0000000094500000| Untracked 
|  54|0x0000000094600000, 0x0000000094658080, 0x0000000094700000| 34%| O|Cm|TAMS 0x0000000094600000| PB 0x0000000094600000| Complete 
|  55|0x0000000094700000, 0x0000000094700000, 0x0000000094800000|  0%| F|  |TAMS 0x0000000094700000| PB 0x0000000094700000| Untracked 
|  56|0x0000000094800000, 0x0000000094800000, 0x0000000094900000|  0%| F|  |TAMS 0x0000000094800000| PB 0x0000000094800000| Untracked 
|  57|0x0000000094900000, 0x0000000094900000, 0x0000000094a00000|  0%| F|  |TAMS 0x0000000094900000| PB 0x0000000094900000| Untracked 
|  58|0x0000000094a00000, 0x0000000094a00000, 0x0000000094b00000|  0%| F|  |TAMS 0x0000000094a00000| PB 0x0000000094a00000| Untracked 
|  59|0x0000000094b00000, 0x0000000094b00800, 0x0000000094c00000|  0%| E|  |TAMS 0x0000000094b00000| PB 0x0000000094b00000| Complete 
|  60|0x0000000094c00000, 0x0000000094d00000, 0x0000000094d00000|100%| E|CS|TAMS 0x0000000094c00000| PB 0x0000000094c00000| Complete 
|  61|0x0000000094d00000, 0x0000000094e00000, 0x0000000094e00000|100%| E|CS|TAMS 0x0000000094d00000| PB 0x0000000094d00000| Complete 
|  62|0x0000000094e00000, 0x0000000094f00000, 0x0000000094f00000|100%| E|CS|TAMS 0x0000000094e00000| PB 0x0000000094e00000| Complete 
|  63|0x0000000094f00000, 0x0000000095000000, 0x0000000095000000|100%| E|CS|TAMS 0x0000000094f00000| PB 0x0000000094f00000| Complete 
|  64|0x0000000095000000, 0x0000000095100000, 0x0000000095100000|100%| E|CS|TAMS 0x0000000095000000| PB 0x0000000095000000| Complete 
|  65|0x0000000095100000, 0x0000000095200000, 0x0000000095200000|100%| E|CS|TAMS 0x0000000095100000| PB 0x0000000095100000| Complete 
|  66|0x0000000095200000, 0x0000000095300000, 0x0000000095300000|100%| E|CS|TAMS 0x0000000095200000| PB 0x0000000095200000| Complete 
|  67|0x0000000095300000, 0x0000000095400000, 0x0000000095400000|100%| E|CS|TAMS 0x0000000095300000| PB 0x0000000095300000| Complete 
|  68|0x0000000095400000, 0x0000000095500000, 0x0000000095500000|100%| E|CS|TAMS 0x0000000095400000| PB 0x0000000095400000| Complete 
|  69|0x0000000095500000, 0x0000000095600000, 0x0000000095600000|100%| E|CS|TAMS 0x0000000095500000| PB 0x0000000095500000| Complete 
|  70|0x0000000095600000, 0x0000000095700000, 0x0000000095700000|100%| E|CS|TAMS 0x0000000095600000| PB 0x0000000095600000| Complete 
|  71|0x0000000095700000, 0x0000000095800000, 0x0000000095800000|100%| E|CS|TAMS 0x0000000095700000| PB 0x0000000095700000| Complete 
|  72|0x0000000095800000, 0x0000000095900000, 0x0000000095900000|100%| E|CS|TAMS 0x0000000095800000| PB 0x0000000095800000| Complete 
|  73|0x0000000095900000, 0x0000000095a00000, 0x0000000095a00000|100%| E|CS|TAMS 0x0000000095900000| PB 0x0000000095900000| Complete 
|  74|0x0000000095a00000, 0x0000000095b00000, 0x0000000095b00000|100%| E|CS|TAMS 0x0000000095a00000| PB 0x0000000095a00000| Complete 
|  75|0x0000000095b00000, 0x0000000095c00000, 0x0000000095c00000|100%| E|CS|TAMS 0x0000000095b00000| PB 0x0000000095b00000| Complete 
|  76|0x0000000095c00000, 0x0000000095d00000, 0x0000000095d00000|100%| E|CS|TAMS 0x0000000095c00000| PB 0x0000000095c00000| Complete 
|  77|0x0000000095d00000, 0x0000000095e00000, 0x0000000095e00000|100%| E|CS|TAMS 0x0000000095d00000| PB 0x0000000095d00000| Complete 
|  78|0x0000000095e00000, 0x0000000095f00000, 0x0000000095f00000|100%| E|CS|TAMS 0x0000000095e00000| PB 0x0000000095e00000| Complete 
|  79|0x0000000095f00000, 0x0000000096000000, 0x0000000096000000|100%| E|CS|TAMS 0x0000000095f00000| PB 0x0000000095f00000| Complete 
|  80|0x0000000096000000, 0x0000000096100000, 0x0000000096100000|100%| E|CS|TAMS 0x0000000096000000| PB 0x0000000096000000| Complete 
|  81|0x0000000096100000, 0x0000000096200000, 0x0000000096200000|100%| E|CS|TAMS 0x0000000096100000| PB 0x0000000096100000| Complete 
|  82|0x0000000096200000, 0x0000000096300000, 0x0000000096300000|100%| E|CS|TAMS 0x0000000096200000| PB 0x0000000096200000| Complete 
|  83|0x0000000096300000, 0x0000000096400000, 0x0000000096400000|100%| E|CS|TAMS 0x0000000096300000| PB 0x0000000096300000| Complete 
|  84|0x0000000096400000, 0x0000000096500000, 0x0000000096500000|100%| E|CS|TAMS 0x0000000096400000| PB 0x0000000096400000| Complete 
|  85|0x0000000096500000, 0x0000000096600000, 0x0000000096600000|100%| E|CS|TAMS 0x0000000096500000| PB 0x0000000096500000| Complete 
|  86|0x0000000096600000, 0x0000000096700000, 0x0000000096700000|100%| E|CS|TAMS 0x0000000096600000| PB 0x0000000096600000| Complete 
|  87|0x0000000096700000, 0x0000000096800000, 0x0000000096800000|100%| E|CS|TAMS 0x0000000096700000| PB 0x0000000096700000| Complete 
|  88|0x0000000096800000, 0x0000000096900000, 0x0000000096900000|100%| E|CS|TAMS 0x0000000096800000| PB 0x0000000096800000| Complete 
|  89|0x0000000096900000, 0x0000000096a00000, 0x0000000096a00000|100%| E|CS|TAMS 0x0000000096900000| PB 0x0000000096900000| Complete 
|  90|0x0000000096a00000, 0x0000000096b00000, 0x0000000096b00000|100%| E|CS|TAMS 0x0000000096a00000| PB 0x0000000096a00000| Complete 
|  91|0x0000000096b00000, 0x0000000096c00000, 0x0000000096c00000|100%| E|  |TAMS 0x0000000096b00000| PB 0x0000000096b00000| Complete 
|  92|0x0000000096c00000, 0x0000000096d00000, 0x0000000096d00000|100%| E|CS|TAMS 0x0000000096c00000| PB 0x0000000096c00000| Complete 
|  93|0x0000000096d00000, 0x0000000096e00000, 0x0000000096e00000|100%| E|CS|TAMS 0x0000000096d00000| PB 0x0000000096d00000| Complete 
|  94|0x0000000096e00000, 0x0000000096f00000, 0x0000000096f00000|100%| E|CS|TAMS 0x0000000096e00000| PB 0x0000000096e00000| Complete 
|  95|0x0000000096f00000, 0x0000000097000000, 0x0000000097000000|100%| E|CS|TAMS 0x0000000096f00000| PB 0x0000000096f00000| Complete 
|  96|0x0000000097000000, 0x0000000097100000, 0x0000000097100000|100%| E|CS|TAMS 0x0000000097000000| PB 0x0000000097000000| Complete 
|  97|0x0000000097100000, 0x0000000097200000, 0x0000000097200000|100%| E|CS|TAMS 0x0000000097100000| PB 0x0000000097100000| Complete 
|  98|0x0000000097200000, 0x0000000097300000, 0x0000000097300000|100%| E|CS|TAMS 0x0000000097200000| PB 0x0000000097200000| Complete 
|  99|0x0000000097300000, 0x0000000097400000, 0x0000000097400000|100%| E|CS|TAMS 0x0000000097300000| PB 0x0000000097300000| Complete 
| 100|0x0000000097400000, 0x0000000097500000, 0x0000000097500000|100%| E|CS|TAMS 0x0000000097400000| PB 0x0000000097400000| Complete 
| 101|0x0000000097500000, 0x0000000097600000, 0x0000000097600000|100%| E|CS|TAMS 0x0000000097500000| PB 0x0000000097500000| Complete 
| 102|0x0000000097600000, 0x0000000097700000, 0x0000000097700000|100%| E|CS|TAMS 0x0000000097600000| PB 0x0000000097600000| Complete 
| 103|0x0000000097700000, 0x0000000097800000, 0x0000000097800000|100%| E|CS|TAMS 0x0000000097700000| PB 0x0000000097700000| Complete 
| 104|0x0000000097800000, 0x0000000097900000, 0x0000000097900000|100%| E|CS|TAMS 0x0000000097800000| PB 0x0000000097800000| Complete 
| 105|0x0000000097900000, 0x0000000097a00000, 0x0000000097a00000|100%| E|CS|TAMS 0x0000000097900000| PB 0x0000000097900000| Complete 
| 106|0x0000000097a00000, 0x0000000097b00000, 0x0000000097b00000|100%| E|CS|TAMS 0x0000000097a00000| PB 0x0000000097a00000| Complete 
| 107|0x0000000097b00000, 0x0000000097c00000, 0x0000000097c00000|100%| E|CS|TAMS 0x0000000097b00000| PB 0x0000000097b00000| Complete 
| 108|0x0000000097c00000, 0x0000000097d00000, 0x0000000097d00000|100%| E|CS|TAMS 0x0000000097c00000| PB 0x0000000097c00000| Complete 
| 109|0x0000000097d00000, 0x0000000097e00000, 0x0000000097e00000|100%| S|CS|TAMS 0x0000000097d00000| PB 0x0000000097d00000| Complete 
| 110|0x0000000097e00000, 0x0000000097f00000, 0x0000000097f00000|100%| S|CS|TAMS 0x0000000097e00000| PB 0x0000000097e00000| Complete 
| 111|0x0000000097f00000, 0x0000000098000000, 0x0000000098000000|100%| S|CS|TAMS 0x0000000097f00000| PB 0x0000000097f00000| Complete 
| 112|0x0000000098000000, 0x0000000098100000, 0x0000000098100000|100%| S|CS|TAMS 0x0000000098000000| PB 0x0000000098000000| Complete 
| 113|0x0000000098100000, 0x0000000098200000, 0x0000000098200000|100%| S|CS|TAMS 0x0000000098100000| PB 0x0000000098100000| Complete 
| 114|0x0000000098200000, 0x0000000098300000, 0x0000000098300000|100%| S|CS|TAMS 0x0000000098200000| PB 0x0000000098200000| Complete 
| 115|0x0000000098300000, 0x0000000098400000, 0x0000000098400000|100%| S|CS|TAMS 0x0000000098300000| PB 0x0000000098300000| Complete 
| 116|0x0000000098400000, 0x0000000098500000, 0x0000000098500000|100%| S|CS|TAMS 0x0000000098400000| PB 0x0000000098400000| Complete 
| 117|0x0000000098500000, 0x0000000098600000, 0x0000000098600000|100%| S|CS|TAMS 0x0000000098500000| PB 0x0000000098500000| Complete 
| 118|0x0000000098600000, 0x0000000098700000, 0x0000000098700000|100%| S|CS|TAMS 0x0000000098600000| PB 0x0000000098600000| Complete 
| 119|0x0000000098700000, 0x0000000098800000, 0x0000000098800000|100%| S|CS|TAMS 0x0000000098700000| PB 0x0000000098700000| Complete 
| 134|0x0000000099600000, 0x0000000099700000, 0x0000000099700000|100%| E|CS|TAMS 0x0000000099600000| PB 0x0000000099600000| Complete 
|1759|0x00000000fef00000, 0x00000000fef80000, 0x00000000ff000000| 50%| O|  |TAMS 0x00000000fef00000| PB 0x00000000fef00000| Untracked 
|1760|0x00000000ff000000, 0x00000000ff100000, 0x00000000ff100000|100%| O|  |TAMS 0x00000000ff000000| PB 0x00000000ff000000| Untracked 
|1761|0x00000000ff100000, 0x00000000ff200000, 0x00000000ff200000|100%| O|  |TAMS 0x00000000ff100000| PB 0x00000000ff100000| Untracked 
|1762|0x00000000ff200000, 0x00000000ff300000, 0x00000000ff300000|100%| O|  |TAMS 0x00000000ff200000| PB 0x00000000ff200000| Untracked 
|1763|0x00000000ff300000, 0x00000000ff400000, 0x00000000ff400000|100%| O|  |TAMS 0x00000000ff300000| PB 0x00000000ff300000| Untracked 
|1764|0x00000000ff400000, 0x00000000ff500000, 0x00000000ff500000|100%| O|  |TAMS 0x00000000ff400000| PB 0x00000000ff400000| Untracked 
|1765|0x00000000ff500000, 0x00000000ff600000, 0x00000000ff600000|100%| O|  |TAMS 0x00000000ff500000| PB 0x00000000ff500000| Untracked 
|1766|0x00000000ff600000, 0x00000000ff700000, 0x00000000ff700000|100%| O|  |TAMS 0x00000000ff600000| PB 0x00000000ff600000| Untracked 
|1767|0x00000000ff700000, 0x00000000ff800000, 0x00000000ff800000|100%| O|  |TAMS 0x00000000ff700000| PB 0x00000000ff700000| Untracked 
|1768|0x00000000ff800000, 0x00000000ff900000, 0x00000000ff900000|100%| O|  |TAMS 0x00000000ff800000| PB 0x00000000ff800000| Untracked 
|1769|0x00000000ff900000, 0x00000000ffa00000, 0x00000000ffa00000|100%| O|  |TAMS 0x00000000ff900000| PB 0x00000000ff900000| Untracked 
|1770|0x00000000ffa00000, 0x00000000ffb00000, 0x00000000ffb00000|100%| O|  |TAMS 0x00000000ffa00000| PB 0x00000000ffa00000| Untracked 
|1771|0x00000000ffb00000, 0x00000000ffc00000, 0x00000000ffc00000|100%| O|  |TAMS 0x00000000ffb00000| PB 0x00000000ffb00000| Untracked 
|1772|0x00000000ffc00000, 0x00000000ffd00000, 0x00000000ffd00000|100%| O|  |TAMS 0x00000000ffc00000| PB 0x00000000ffc00000| Untracked 
|1773|0x00000000ffd00000, 0x00000000ffe00000, 0x00000000ffe00000|100%| O|  |TAMS 0x00000000ffd00000| PB 0x00000000ffd00000| Untracked 
|1774|0x00000000ffe00000, 0x00000000fff00000, 0x00000000fff00000|100%| O|  |TAMS 0x00000000ffe00000| PB 0x00000000ffe00000| Untracked 
|1775|0x00000000fff00000, 0x0000000100000000, 0x0000000100000000|100%| O|  |TAMS 0x00000000fff00000| PB 0x00000000fff00000| Untracked 

Card table byte_map: [0x0000017474f30000,0x00000174752b0000] _byte_map_base: 0x0000017474aa8000

Marking Bits: (CMBitMap*) 0x000001745d450be0
 Bits: [0x00000174752b0000, 0x0000017476e70000)

Polling page: 0x000001745b0a0000

Metaspace:

Usage:
  Non-class:     25.48 MB used.
      Class:      3.16 MB used.
       Both:     28.65 MB used.

Virtual space:
  Non-class space:       64.00 MB reserved,      25.69 MB ( 40%) committed,  1 nodes.
      Class space:        1.00 GB reserved,       3.31 MB ( <1%) committed,  1 nodes.
             Both:        1.06 GB reserved,      29.00 MB (  3%) committed. 

Chunk freelists:
   Non-Class:  6.15 MB
       Class:  12.66 MB
        Both:  18.81 MB

MaxMetaspaceSize: unlimited
CompressedClassSpaceSize: 1.00 GB
Initial GC threshold: 21.00 MB
Current GC threshold: 35.62 MB
CDS: on
 - commit_granule_bytes: 65536.
 - commit_granule_words: 8192.
 - virtual_space_node_default_size: 8388608.
 - enlarge_chunks_in_place: 1.
 - use_allocation_guard: 0.


Internal statistics:

num_allocs_failed_limit: 6.
num_arena_births: 258.
num_arena_deaths: 0.
num_vsnodes_births: 2.
num_vsnodes_deaths: 0.
num_space_committed: 464.
num_space_uncommitted: 0.
num_chunks_returned_to_freelist: 6.
num_chunks_taken_from_freelist: 1307.
num_chunk_merges: 6.
num_chunk_splits: 924.
num_chunks_enlarged: 731.
num_inconsistent_stats: 0.

CodeHeap 'non-profiled nmethods': size=120000Kb used=4187Kb max_used=4187Kb free=115813Kb
 bounds [0x000001746d350000, 0x000001746d770000, 0x0000017474880000]
CodeHeap 'profiled nmethods': size=120000Kb used=14956Kb max_used=14956Kb free=105043Kb
 bounds [0x0000017465880000, 0x0000017466720000, 0x000001746cdb0000]
CodeHeap 'non-nmethods': size=5760Kb used=1463Kb max_used=1527Kb free=4296Kb
 bounds [0x000001746cdb0000, 0x000001746d020000, 0x000001746d350000]
 total_blobs=7410 nmethods=6866 adapters=448
 compilation: enabled
              stopped_count=0, restarted_count=0
 full_count=0

Compilation events (20 events):
Event: 9.606 Thread 0x00000174427d3050 nmethod 6791 0x000001746d762c90 code [0x000001746d762ee0, 0x000001746d763e48]
Event: 9.607 Thread 0x00000174427d3050 6767       4       java.util.Spliterators$IteratorSpliterator::tryAdvance (77 bytes)
Event: 9.612 Thread 0x00000174798cc790 6868       2       sun.nio.fs.WindowsPath::toRealPath (6 bytes)
Event: 9.612 Thread 0x00000174798cc790 nmethod 6868 0x0000017466714110 code [0x00000174667142e0, 0x0000017466714478]
Event: 9.612 Thread 0x00000174798cc790 6869       2       sun.nio.fs.WindowsPath::toRealPath (22 bytes)
Event: 9.613 Thread 0x00000174798cc790 nmethod 6869 0x0000017466714590 code [0x0000017466714760, 0x00000174667148e8]
Event: 9.613 Thread 0x00000174427d3050 nmethod 6767 0x000001746d764690 code [0x000001746d764880, 0x000001746d764c88]
Event: 9.613 Thread 0x00000174427d3050 6863       4       java.lang.Character::toUpperCase (6 bytes)
Event: 9.615 Thread 0x00000174427d3050 nmethod 6863 0x000001746d765010 code [0x000001746d7651a0, 0x000001746d765298]
Event: 9.615 Thread 0x00000174427d3050 6793       4       java.util.stream.MatchOps$1MatchSink::accept (44 bytes)
Event: 9.617 Thread 0x00000174427d3050 nmethod 6793 0x000001746d765390 code [0x000001746d765540, 0x000001746d765708]
Event: 9.617 Thread 0x00000174427d3050 6839       4       com.sun.tools.javac.code.Symtab$$Lambda/0x000001740130ed30::apply (8 bytes)
Event: 9.618 Thread 0x00000174427d3050 nmethod 6839 0x000001746d765910 code [0x000001746d765aa0, 0x000001746d765b68]
Event: 9.618 Thread 0x00000174427d3050 6840       4       com.sun.tools.javac.code.Symtab$$Lambda/0x000001740130ef60::test (12 bytes)
Event: 9.619 Thread 0x00000174427d3050 nmethod 6840 0x000001746d765c10 code [0x000001746d765da0, 0x000001746d765ea8]
Event: 9.619 Thread 0x00000174427d3050 6778       4       com.sun.tools.javac.code.Symtab::lookupPackage (259 bytes)
Event: 9.638 Thread 0x00000174798cc790 6870   !   3       sun.nio.fs.WindowsNativeDispatcher::GetFullPathName (43 bytes)
Event: 9.639 Thread 0x00000174798cc790 nmethod 6870 0x0000017466714a10 code [0x0000017466714c20, 0x00000174667150b0]
Event: 9.715 Thread 0x00000174798cc790 6871   !   3       sun.nio.fs.WindowsPath::toAbsolutePath (56 bytes)
Event: 9.715 Thread 0x00000174798cc790 nmethod 6871 0x0000017466715310 code [0x0000017466715560, 0x0000017466715d38]

GC Heap History (16 events):
Event: 0.962 GC heap before
{Heap before GC invocations=0 (full 0):
 garbage-first heap   total 114688K, used 22528K [0x0000000091000000, 0x0000000100000000)
  region size 1024K, 23 young (23552K), 0 survivors (0K)
 Metaspace       used 5757K, committed 5952K, reserved 1114112K
  class space    used 656K, committed 768K, reserved 1048576K
}
Event: 0.971 GC heap after
{Heap after GC invocations=1 (full 0):
 garbage-first heap   total 114688K, used 3844K [0x0000000091000000, 0x0000000100000000)
  region size 1024K, 3 young (3072K), 3 survivors (3072K)
 Metaspace       used 5757K, committed 5952K, reserved 1114112K
  class space    used 656K, committed 768K, reserved 1048576K
}
Event: 2.014 GC heap before
{Heap before GC invocations=1 (full 0):
 garbage-first heap   total 114688K, used 34564K [0x0000000091000000, 0x0000000100000000)
  region size 1024K, 33 young (33792K), 3 survivors (3072K)
 Metaspace       used 10904K, committed 11136K, reserved 1114112K
  class space    used 1282K, committed 1408K, reserved 1048576K
}
Event: 2.024 GC heap after
{Heap after GC invocations=2 (full 0):
 garbage-first heap   total 114688K, used 6363K [0x0000000091000000, 0x0000000100000000)
  region size 1024K, 3 young (3072K), 3 survivors (3072K)
 Metaspace       used 10904K, committed 11136K, reserved 1114112K
  class space    used 1282K, committed 1408K, reserved 1048576K
}
Event: 3.821 GC heap before
{Heap before GC invocations=2 (full 0):
 garbage-first heap   total 114688K, used 71899K [0x0000000091000000, 0x0000000100000000)
  region size 1024K, 67 young (68608K), 3 survivors (3072K)
 Metaspace       used 15975K, committed 16192K, reserved 1114112K
  class space    used 1821K, committed 1920K, reserved 1048576K
}
Event: 3.845 GC heap after
{Heap after GC invocations=3 (full 0):
 garbage-first heap   total 114688K, used 13705K [0x0000000091000000, 0x0000000100000000)
  region size 1024K, 9 young (9216K), 9 survivors (9216K)
 Metaspace       used 15975K, committed 16192K, reserved 1114112K
  class space    used 1821K, committed 1920K, reserved 1048576K
}
Event: 4.823 GC heap before
{Heap before GC invocations=3 (full 0):
 garbage-first heap   total 114688K, used 73097K [0x0000000091000000, 0x0000000100000000)
  region size 1024K, 67 young (68608K), 9 survivors (9216K)
 Metaspace       used 16528K, committed 16768K, reserved 1114112K
  class space    used 1823K, committed 1920K, reserved 1048576K
}
Event: 4.849 GC heap after
{Heap after GC invocations=4 (full 0):
 garbage-first heap   total 114688K, used 19249K [0x0000000091000000, 0x0000000100000000)
  region size 1024K, 5 young (5120K), 5 survivors (5120K)
 Metaspace       used 16528K, committed 16768K, reserved 1114112K
  class space    used 1823K, committed 1920K, reserved 1048576K
}
Event: 5.532 GC heap before
{Heap before GC invocations=4 (full 0):
 garbage-first heap   total 114688K, used 70449K [0x0000000091000000, 0x0000000100000000)
  region size 1024K, 24 young (24576K), 5 survivors (5120K)
 Metaspace       used 17632K, committed 17920K, reserved 1114112K
  class space    used 1933K, committed 2048K, reserved 1048576K
}
Event: 5.541 GC heap after
{Heap after GC invocations=5 (full 0):
 garbage-first heap   total 114688K, used 19761K [0x0000000091000000, 0x0000000100000000)
  region size 1024K, 6 young (6144K), 6 survivors (6144K)
 Metaspace       used 17632K, committed 17920K, reserved 1114112K
  class space    used 1933K, committed 2048K, reserved 1048576K
}
Event: 6.454 GC heap before
{Heap before GC invocations=5 (full 0):
 garbage-first heap   total 114688K, used 84273K [0x0000000091000000, 0x0000000100000000)
  region size 1024K, 34 young (34816K), 6 survivors (6144K)
 Metaspace       used 20463K, committed 20736K, reserved 1114112K
  class space    used 2250K, committed 2368K, reserved 1048576K
}
Event: 6.464 GC heap after
{Heap after GC invocations=6 (full 0):
 garbage-first heap   total 114688K, used 21856K [0x0000000091000000, 0x0000000100000000)
  region size 1024K, 3 young (3072K), 3 survivors (3072K)
 Metaspace       used 20463K, committed 20736K, reserved 1114112K
  class space    used 2250K, committed 2368K, reserved 1048576K
}
Event: 6.618 GC heap before
{Heap before GC invocations=6 (full 0):
 garbage-first heap   total 114688K, used 38240K [0x0000000091000000, 0x0000000100000000)
  region size 1024K, 14 young (14336K), 3 survivors (3072K)
 Metaspace       used 21239K, committed 21504K, reserved 1114112K
  class space    used 2360K, committed 2496K, reserved 1048576K
}
Event: 6.628 GC heap after
{Heap after GC invocations=7 (full 0):
 garbage-first heap   total 138240K, used 31584K [0x0000000091000000, 0x0000000100000000)
  region size 1024K, 7 young (7168K), 7 survivors (7168K)
 Metaspace       used 21239K, committed 21504K, reserved 1114112K
  class space    used 2360K, committed 2496K, reserved 1048576K
}
Event: 8.324 GC heap before
{Heap before GC invocations=8 (full 0):
 garbage-first heap   total 112640K, used 111456K [0x0000000091000000, 0x0000000100000000)
  region size 1024K, 81 young (82944K), 7 survivors (7168K)
 Metaspace       used 26887K, committed 27264K, reserved 1114112K
  class space    used 2981K, committed 3136K, reserved 1048576K
}
Event: 8.361 GC heap after
{Heap after GC invocations=9 (full 0):
 garbage-first heap   total 141312K, used 54112K [0x0000000091000000, 0x0000000100000000)
  region size 1024K, 11 young (11264K), 11 survivors (11264K)
 Metaspace       used 26887K, committed 27264K, reserved 1114112K
  class space    used 2981K, committed 3136K, reserved 1048576K
}

Dll operation events (8 events):
Event: 0.011 Loaded shared library C:\Java\jdk-21.0.6\bin\java.dll
Event: 0.046 Loaded shared library C:\Java\jdk-21.0.6\bin\jsvml.dll
Event: 0.078 Loaded shared library C:\Java\jdk-21.0.6\bin\net.dll
Event: 0.081 Loaded shared library C:\Java\jdk-21.0.6\bin\nio.dll
Event: 0.085 Loaded shared library C:\Java\jdk-21.0.6\bin\zip.dll
Event: 0.245 Loaded shared library C:\Java\jdk-21.0.6\bin\jimage.dll
Event: 0.256 Loaded shared library C:\apache-maven-3.9.4\lib\jansi-native\Windows\x86_64\jansi.dll
Event: 0.273 Loaded shared library C:\Java\jdk-21.0.6\bin\verify.dll

Deoptimization events (20 events):
Event: 9.328 Thread 0x000001745b0fc4e0 DEOPT PACKING pc=0x000001746d4e1e98 sp=0x00000015a07fc780
Event: 9.328 Thread 0x000001745b0fc4e0 DEOPT UNPACKING pc=0x000001746ce046a2 sp=0x00000015a07fc708 mode 2
Event: 9.328 Thread 0x000001745b0fc4e0 Uncommon trap: trap_request=0xffffffde fr.pc=0x000001746d4e2198 relative=0x0000000000000078
Event: 9.328 Thread 0x000001745b0fc4e0 Uncommon trap: reason=class_check action=maybe_recompile pc=0x000001746d4e2198 method=java.util.Collections$UnmodifiableMap$UnmodifiableEntrySet$UnmodifiableEntry.getValue()Ljava/lang/Object; @ 4 c2
Event: 9.328 Thread 0x000001745b0fc4e0 DEOPT PACKING pc=0x000001746d4e2198 sp=0x00000015a07fc780
Event: 9.328 Thread 0x000001745b0fc4e0 DEOPT UNPACKING pc=0x000001746ce046a2 sp=0x00000015a07fc708 mode 2
Event: 9.368 Thread 0x000001745b0fc4e0 DEOPT PACKING pc=0x000001746666a20e sp=0x00000015a07fcee0
Event: 9.368 Thread 0x000001745b0fc4e0 DEOPT UNPACKING pc=0x000001746ce04e42 sp=0x00000015a07fc3c8 mode 0
Event: 9.384 Thread 0x000001745b0fc4e0 Uncommon trap: trap_request=0xffffff45 fr.pc=0x000001746d7079cc relative=0x0000000000000b2c
Event: 9.384 Thread 0x000001745b0fc4e0 Uncommon trap: reason=unstable_if action=reinterpret pc=0x000001746d7079cc method=java.util.HashMap.removeNode(ILjava/lang/Object;Ljava/lang/Object;ZZ)Ljava/util/HashMap$Node; @ 62 c2
Event: 9.384 Thread 0x000001745b0fc4e0 DEOPT PACKING pc=0x000001746d7079cc sp=0x00000015a07fd4d0
Event: 9.384 Thread 0x000001745b0fc4e0 DEOPT UNPACKING pc=0x000001746ce046a2 sp=0x00000015a07fd470 mode 2
Event: 9.521 Thread 0x000001745b0fc4e0 Uncommon trap: trap_request=0xffffff45 fr.pc=0x000001746d4857e4 relative=0x0000000000001664
Event: 9.521 Thread 0x000001745b0fc4e0 Uncommon trap: reason=unstable_if action=reinterpret pc=0x000001746d4857e4 method=java.util.HashMap.hash(Ljava/lang/Object;)I @ 1 c2
Event: 9.521 Thread 0x000001745b0fc4e0 DEOPT PACKING pc=0x000001746d4857e4 sp=0x00000015a07fd5a0
Event: 9.521 Thread 0x000001745b0fc4e0 DEOPT UNPACKING pc=0x000001746ce046a2 sp=0x00000015a07fd4b0 mode 2
Event: 9.521 Thread 0x000001745b0fc4e0 Uncommon trap: trap_request=0xffffff45 fr.pc=0x000001746d4faaa8 relative=0x0000000000000808
Event: 9.521 Thread 0x000001745b0fc4e0 Uncommon trap: reason=unstable_if action=reinterpret pc=0x000001746d4faaa8 method=java.util.HashMap.hash(Ljava/lang/Object;)I @ 1 c2
Event: 9.521 Thread 0x000001745b0fc4e0 DEOPT PACKING pc=0x000001746d4faaa8 sp=0x00000015a07fd530
Event: 9.521 Thread 0x000001745b0fc4e0 DEOPT UNPACKING pc=0x000001746ce046a2 sp=0x00000015a07fd4b0 mode 2

Classes loaded (20 events):
Event: 9.299 Loading class java/util/function/UnaryOperator
Event: 9.299 Loading class java/util/function/UnaryOperator done
Event: 9.315 Loading class java/util/regex/Pattern$Caret
Event: 9.315 Loading class java/util/regex/Pattern$Caret done
Event: 9.409 Loading class java/util/EnumMap$EntrySet
Event: 9.409 Loading class java/util/EnumMap$EntrySet done
Event: 9.409 Loading class java/util/EnumMap$EntryIterator
Event: 9.409 Loading class java/util/EnumMap$EnumMapIterator
Event: 9.409 Loading class java/util/EnumMap$EnumMapIterator done
Event: 9.409 Loading class java/util/EnumMap$EntryIterator done
Event: 9.409 Loading class java/util/EnumMap$EntryIterator$Entry
Event: 9.409 Loading class java/util/EnumMap$EntryIterator$Entry done
Event: 9.546 Loading class java/util/EnumMap$Values
Event: 9.546 Loading class java/util/EnumMap$Values done
Event: 9.546 Loading class java/util/EnumMap$ValueIterator
Event: 9.546 Loading class java/util/EnumMap$ValueIterator done
Event: 9.547 Loading class java/util/WeakHashMap$KeyIterator
Event: 9.547 Loading class java/util/WeakHashMap$KeyIterator done
Event: 9.554 Loading class java/text/MessageFormat$Field
Event: 9.554 Loading class java/text/MessageFormat$Field done

Classes unloaded (0 events):
No events

Classes redefined (0 events):
No events

Internal exceptions (20 events):
Event: 8.433 Thread 0x000001745b0fc4e0 Exception <a 'sun/nio/fs/WindowsException'{0x00000000976f6ae8}> (0x00000000976f6ae8) 
thrown [s\open\src\hotspot\share\prims\jni.cpp, line 520]
Event: 8.433 Thread 0x000001745b0fc4e0 Exception <a 'sun/nio/fs/WindowsException'{0x00000000976f7b28}> (0x00000000976f7b28) 
thrown [s\open\src\hotspot\share\prims\jni.cpp, line 520]
Event: 8.433 Thread 0x000001745b0fc4e0 Exception <a 'sun/nio/fs/WindowsException'{0x00000000976f8de0}> (0x00000000976f8de0) 
thrown [s\open\src\hotspot\share\prims\jni.cpp, line 520]
Event: 8.558 Thread 0x000001745b0fc4e0 Implicit null exception at 0x000001746d4aa478 to 0x000001746d4aa90c
Event: 8.587 Thread 0x000001745b0fc4e0 Implicit null exception at 0x000001746d53e115 to 0x000001746d53e2f0
Event: 9.384 Thread 0x000001745b0fc4e0 Implicit null exception at 0x000001746d707256 to 0x000001746d7079ad
Event: 9.408 Thread 0x000001745b0fc4e0 Exception <a 'java/lang/NoSuchMethodError'{0x0000000095686b50}: 'void java.lang.invoke.DirectMethodHandle$Holder.invokeStatic(java.lang.Object, java.lang.Object, java.lang.Object, java.lang.Object)'> (0x0000000095686b50) 
thrown [s\open\src\hotspot\share\interpreter\linkResolver.cpp, line 773]
Event: 9.408 Thread 0x000001745b0fc4e0 Exception <a 'java/lang/NoSuchMethodError'{0x000000009568a388}: 'void java.lang.invoke.DirectMethodHandle$Holder.invokeStaticInit(java.lang.Object, java.lang.Object, java.lang.Object, java.lang.Object)'> (0x000000009568a388) 
thrown [s\open\src\hotspot\share\interpreter\linkResolver.cpp, line 773]
Event: 9.411 Thread 0x000001745b0fc4e0 Exception <a 'java/lang/NoSuchMethodError'{0x000000009569aeb8}: 'java.lang.Object java.lang.invoke.DirectMethodHandle$Holder.invokeStatic(java.lang.Object, java.lang.Object, int)'> (0x000000009569aeb8) 
thrown [s\open\src\hotspot\share\interpreter\linkResolver.cpp, line 773]
Event: 9.428 Thread 0x000001745b0fc4e0 Exception <a 'java/lang/NoSuchMethodError'{0x000000009554a520}: 'java.lang.Object java.lang.invoke.DirectMethodHandle$Holder.invokeStaticInit(java.lang.Object, java.lang.Object, java.lang.Object)'> (0x000000009554a520) 
thrown [s\open\src\hotspot\share\interpreter\linkResolver.cpp, line 773]
Event: 9.435 Thread 0x000001745b0fc4e0 Exception <a 'sun/nio/fs/WindowsException'{0x000000009556d878}> (0x000000009556d878) 
thrown [s\open\src\hotspot\share\prims\jni.cpp, line 520]
Event: 9.436 Thread 0x000001745b0fc4e0 Exception <a 'sun/nio/fs/WindowsException'{0x000000009556e588}> (0x000000009556e588) 
thrown [s\open\src\hotspot\share\prims\jni.cpp, line 520]
Event: 9.445 Thread 0x000001745b0fc4e0 Exception <a 'sun/nio/fs/WindowsException'{0x00000000955c46a8}> (0x00000000955c46a8) 
thrown [s\open\src\hotspot\share\prims\jni.cpp, line 520]
Event: 9.446 Thread 0x000001745b0fc4e0 Exception <a 'sun/nio/fs/WindowsException'{0x00000000955c5130}> (0x00000000955c5130) 
thrown [s\open\src\hotspot\share\prims\jni.cpp, line 520]
Event: 9.479 Thread 0x000001745b0fc4e0 Exception <a 'sun/nio/fs/WindowsException'{0x000000009521ee08}> (0x000000009521ee08) 
thrown [s\open\src\hotspot\share\prims\jni.cpp, line 520]
Event: 9.480 Thread 0x000001745b0fc4e0 Exception <a 'sun/nio/fs/WindowsException'{0x000000009521f890}> (0x000000009521f890) 
thrown [s\open\src\hotspot\share\prims\jni.cpp, line 520]
Event: 9.521 Thread 0x000001745b0fc4e0 Implicit null exception at 0x000001746d4841e4 to 0x000001746d4857d0
Event: 9.521 Thread 0x000001745b0fc4e0 Implicit null exception at 0x000001746d4fa2e9 to 0x000001746d4faa92
Event: 9.524 Thread 0x000001745b0fc4e0 Exception <a 'sun/nio/fs/WindowsException'{0x00000000950f3198}> (0x00000000950f3198) 
thrown [s\open\src\hotspot\share\prims\jni.cpp, line 520]
Event: 9.525 Thread 0x000001745b0fc4e0 Exception <a 'sun/nio/fs/WindowsException'{0x00000000950f3c20}> (0x00000000950f3c20) 
thrown [s\open\src\hotspot\share\prims\jni.cpp, line 520]

ZGC Phase Switch (0 events):
No events

VM Operations (20 events):
Event: 6.656 Executing VM operation: G1PauseRemark
Event: 6.663 Executing VM operation: G1PauseRemark done
Event: 6.671 Executing VM operation: G1PauseCleanup
Event: 6.671 Executing VM operation: G1PauseCleanup done
Event: 7.681 Executing VM operation: Cleanup
Event: 7.682 Executing VM operation: Cleanup done
Event: 8.031 Executing VM operation: HandshakeAllThreads (Deoptimize)
Event: 8.031 Executing VM operation: HandshakeAllThreads (Deoptimize) done
Event: 8.109 Executing VM operation: HandshakeAllThreads (Deoptimize)
Event: 8.109 Executing VM operation: HandshakeAllThreads (Deoptimize) done
Event: 8.267 Executing VM operation: ICBufferFull
Event: 8.267 Executing VM operation: ICBufferFull done
Event: 8.306 Executing VM operation: HandshakeAllThreads (Deoptimize)
Event: 8.306 Executing VM operation: HandshakeAllThreads (Deoptimize) done
Event: 8.324 Executing VM operation: G1CollectForAllocation (G1 Evacuation Pause)
Event: 8.361 Executing VM operation: G1CollectForAllocation (G1 Evacuation Pause) done
Event: 8.445 Executing VM operation: HandshakeAllThreads (Deoptimize)
Event: 8.445 Executing VM operation: HandshakeAllThreads (Deoptimize) done
Event: 9.403 Executing VM operation: ICBufferFull
Event: 9.403 Executing VM operation: ICBufferFull done

Events (20 events):
Event: 0.044 Thread 0x00000174798c3f80 Thread added: 0x00000174798c3f80
Event: 0.044 Thread 0x00000174798c8e00 Thread added: 0x00000174798c8e00
Event: 0.044 Thread 0x00000174798cbd00 Thread added: 0x00000174798cbd00
Event: 0.044 Thread 0x00000174798cc790 Thread added: 0x00000174798cc790
Event: 0.069 Thread 0x0000017479b43b80 Thread added: 0x0000017479b43b80
Event: 0.073 Thread 0x0000017479b47d30 Thread added: 0x0000017479b47d30
Event: 0.859 Thread 0x000001747e7cc8d0 Thread added: 0x000001747e7cc8d0
Event: 0.891 Thread 0x000001747e84a590 Thread added: 0x000001747e84a590
Event: 5.210 Thread 0x000001747e84a590 Thread exited: 0x000001747e84a590
Event: 5.810 Thread 0x000001744168b1d0 Thread added: 0x000001744168b1d0
Event: 6.069 Thread 0x000001744168b1d0 Thread exited: 0x000001744168b1d0
Event: 6.488 Thread 0x000001747e291cc0 Thread added: 0x000001747e291cc0
Event: 6.789 Thread 0x000001747e291cc0 Thread exited: 0x000001747e291cc0
Event: 6.789 Thread 0x000001747e7cc8d0 Thread exited: 0x000001747e7cc8d0
Event: 6.922 Thread 0x000001747e28f700 Thread added: 0x000001747e28f700
Event: 7.007 Thread 0x0000017441251d70 Thread added: 0x0000017441251d70
Event: 7.684 Thread 0x0000017441251d70 Thread exited: 0x0000017441251d70
Event: 7.895 Thread 0x00000174420dbff0 Thread added: 0x00000174420dbff0
Event: 9.255 Thread 0x00000174420dbff0 Thread exited: 0x00000174420dbff0
Event: 9.453 Thread 0x00000174427d3050 Thread added: 0x00000174427d3050


Dynamic libraries:
0x00007ff7a0780000 - 0x00007ff7a0790000 	C:\Java\jdk-21.0.6\bin\java.exe
0x00007ff8dd5c0000 - 0x00007ff8dd827000 	C:\WINDOWS\SYSTEM32\ntdll.dll
0x00007ff8dc540000 - 0x00007ff8dc609000 	C:\WINDOWS\System32\KERNEL32.DLL
0x00007ff8da740000 - 0x00007ff8dab2f000 	C:\WINDOWS\System32\KERNELBASE.dll
0x00007ff8db0e0000 - 0x00007ff8db22b000 	C:\WINDOWS\System32\ucrtbase.dll
0x00007ff8c4bc0000 - 0x00007ff8c4bd9000 	C:\Java\jdk-21.0.6\bin\jli.dll
0x00007ff8b0a80000 - 0x00007ff8b0a9b000 	C:\Java\jdk-21.0.6\bin\VCRUNTIME140.dll
0x00007ff8dbbc0000 - 0x00007ff8dbc74000 	C:\WINDOWS\System32\ADVAPI32.dll
0x00007ff8dc490000 - 0x00007ff8dc539000 	C:\WINDOWS\System32\msvcrt.dll
0x00007ff8dd140000 - 0x00007ff8dd1e6000 	C:\WINDOWS\System32\sechost.dll
0x00007ff8db800000 - 0x00007ff8db918000 	C:\WINDOWS\System32\RPCRT4.dll
0x00007ff8dca80000 - 0x00007ff8dcc45000 	C:\WINDOWS\System32\USER32.dll
0x00007ff8da710000 - 0x00007ff8da737000 	C:\WINDOWS\System32\win32u.dll
0x00007ff8dca30000 - 0x00007ff8dca5b000 	C:\WINDOWS\System32\GDI32.dll
0x00007ff8db230000 - 0x00007ff8db35c000 	C:\WINDOWS\System32\gdi32full.dll
0x00007ff8adbe0000 - 0x00007ff8ade73000 	C:\WINDOWS\WinSxS\amd64_microsoft.windows.common-controls_6595b64144ccf1df_6.0.26100.7309_none_3e05feeae336a044\COMCTL32.dll
0x00007ff8db030000 - 0x00007ff8db0d3000 	C:\WINDOWS\System32\msvcp_win.dll
0x00007ff8d3380000 - 0x00007ff8d338b000 	C:\WINDOWS\SYSTEM32\VERSION.dll
0x00007ff8dc610000 - 0x00007ff8dc641000 	C:\WINDOWS\System32\IMM32.DLL
0x00007ff8c4dc0000 - 0x00007ff8c4dcc000 	C:\Java\jdk-21.0.6\bin\vcruntime140_1.dll
0x00007ff88b6b0000 - 0x00007ff88b73e000 	C:\Java\jdk-21.0.6\bin\msvcp140.dll
0x00007ff826040000 - 0x00007ff826d5a000 	C:\Java\jdk-21.0.6\bin\server\jvm.dll
0x00007ff8dc410000 - 0x00007ff8dc484000 	C:\WINDOWS\System32\WS2_32.dll
0x00007ff8d7340000 - 0x00007ff8d7375000 	C:\WINDOWS\SYSTEM32\WINMM.dll
0x00007ff8da590000 - 0x00007ff8da5ee000 	C:\WINDOWS\SYSTEM32\POWRPROF.dll
0x00007ff8da570000 - 0x00007ff8da584000 	C:\WINDOWS\SYSTEM32\UMPDC.dll
0x00007ff8d9460000 - 0x00007ff8d947b000 	C:\WINDOWS\SYSTEM32\kernel.appcore.dll
0x00007ff8ad6a0000 - 0x00007ff8ad6aa000 	C:\Java\jdk-21.0.6\bin\jimage.dll
0x00007ff8d7b00000 - 0x00007ff8d7d42000 	C:\WINDOWS\SYSTEM32\DBGHELP.DLL
0x00007ff8db460000 - 0x00007ff8db7e6000 	C:\WINDOWS\System32\combase.dll
0x00007ff8dc740000 - 0x00007ff8dc816000 	C:\WINDOWS\System32\OLEAUT32.dll
0x00007ff8ca870000 - 0x00007ff8ca8ac000 	C:\WINDOWS\SYSTEM32\dbgcore.DLL
0x00007ff8daf80000 - 0x00007ff8db025000 	C:\WINDOWS\System32\bcryptPrimitives.dll
0x00007ff8a04e0000 - 0x00007ff8a04ff000 	C:\Java\jdk-21.0.6\bin\java.dll
0x00007ff8dbc80000 - 0x00007ff8dc3d3000 	C:\WINDOWS\System32\SHELL32.dll
0x00007ff8dad80000 - 0x00007ff8daeea000 	C:\WINDOWS\System32\wintypes.dll
0x00007ff8d8300000 - 0x00007ff8d8b5e000 	C:\WINDOWS\SYSTEM32\windows.storage.dll
0x00007ff8db360000 - 0x00007ff8db455000 	C:\WINDOWS\System32\SHCORE.dll
0x00007ff8dc650000 - 0x00007ff8dc6b6000 	C:\WINDOWS\System32\shlwapi.dll
0x00007ff8da630000 - 0x00007ff8da659000 	C:\WINDOWS\SYSTEM32\profapi.dll
0x00007ff87ba60000 - 0x00007ff87bb37000 	C:\Java\jdk-21.0.6\bin\jsvml.dll
0x00007ff8ad620000 - 0x00007ff8ad630000 	C:\Java\jdk-21.0.6\bin\net.dll
0x00007ff8d10b0000 - 0x00007ff8d11d8000 	C:\WINDOWS\SYSTEM32\WINHTTP.dll
0x00007ff8d9a30000 - 0x00007ff8d9a9b000 	C:\WINDOWS\system32\mswsock.dll
0x00007ff8a6fe0000 - 0x00007ff8a6ff6000 	C:\Java\jdk-21.0.6\bin\nio.dll
0x00007ff89fe40000 - 0x00007ff89fe58000 	C:\Java\jdk-21.0.6\bin\zip.dll
0x0000000069ac0000 - 0x0000000069ae4000 	C:\apache-maven-3.9.4\lib\jansi-native\Windows\x86_64\jansi.dll
0x00007ff8a1de0000 - 0x00007ff8a1df0000 	C:\Java\jdk-21.0.6\bin\verify.dll

dbghelp: loaded successfully - version: 4.0.5 - missing functions: none
symbol engine: initialized successfully - sym options: 0x614 - pdb path: .;C:\Java\jdk-21.0.6\bin;C:\WINDOWS\SYSTEM32;C:\WINDOWS\WinSxS\amd64_microsoft.windows.common-controls_6595b64144ccf1df_6.0.26100.7309_none_3e05feeae336a044;C:\Java\jdk-21.0.6\bin\server;C:\apache-maven-3.9.4\lib\jansi-native\Windows\x86_64

VM Arguments:
jvm_args: -Dclassworlds.conf=C:/apache-maven-3.9.4/bin/m2.conf -Dmaven.home=C:/apache-maven-3.9.4 -Dlibrary.jansi.path=C:/apache-maven-3.9.4/lib/jansi-native -Dmaven.multiModuleProjectDirectory=C:/trustflow-backend/compliance-auth-service 
java_command: org.codehaus.plexus.classworlds.launcher.Launcher test-compile -Dmaven.compiler.fork=false
java_class_path (initial): C:/apache-maven-3.9.4/boot/plexus-classworlds-2.7.0.jar
Launcher Type: SUN_STANDARD

[Global flags]
     intx CICompilerCount                          = 4                                         {product} {ergonomic}
     uint ConcGCThreads                            = 2                                         {product} {ergonomic}
     uint G1ConcRefinementThreads                  = 8                                         {product} {ergonomic}
   size_t G1HeapRegionSize                         = 1048576                                   {product} {ergonomic}
    uintx GCDrainStackTargetSize                   = 64                                        {product} {ergonomic}
   size_t InitialHeapSize                          = 117440512                                 {product} {ergonomic}
   size_t MarkStackSize                            = 4194304                                   {product} {ergonomic}
   size_t MaxHeapSize                              = 1862270976                                {product} {ergonomic}
   size_t MaxNewSize                               = 1116733440                                {product} {ergonomic}
   size_t MinHeapDeltaBytes                        = 1048576                                   {product} {ergonomic}
   size_t MinHeapSize                              = 8388608                                   {product} {ergonomic}
    uintx NonNMethodCodeHeapSize                   = 5839372                                {pd product} {ergonomic}
    uintx NonProfiledCodeHeapSize                  = 122909434                              {pd product} {ergonomic}
    uintx ProfiledCodeHeapSize                     = 122909434                              {pd product} {ergonomic}
    uintx ReservedCodeCacheSize                    = 251658240                              {pd product} {ergonomic}
     bool SegmentedCodeCache                       = true                                      {product} {ergonomic}
   size_t SoftMaxHeapSize                          = 1862270976                             {manageable} {ergonomic}
     bool UseCompressedOops                        = true                           {product lp64_product} {ergonomic}
     bool UseG1GC                                  = true                                      {product} {ergonomic}
     bool UseLargePagesIndividualAllocation        = false                                  {pd product} {ergonomic}

Logging:
Log output configuration:
 #0: stdout all=warning uptime,level,tags foldmultilines=false
 #1: stderr all=off uptime,level,tags foldmultilines=false

Environment Variables:
JAVA_HOME=C:/Java/jdk-21.0.6
PATH=C:\Program Files\Git\mingw64\bin;C:\Program Files\Git\usr\bin;C:\Users\mateb\bin;C:\Program Files (x86)\Common Files\Intel\Shared Libraries\redist\intel64\compiler;C:\Program Files\Java\jdk-1.8\bin;C:\Users\mateb\AppData\Roaming\nvm;C:\Program Files\nodejs;C:\apache-maven-3.9.4\bin;C:\Program Files\Git\cmd;C:\keycloak-25.0.5\bin;C:\Program Files (x86)\Microsoft SQL Server\160\Tools\Binn;C:\Program Files\Microsoft SQL Server\160\Tools\Binn;C:\Program Files\Microsoft SQL Server\Client SDK\ODBC\170\Tools\Binn;C:\Program Files\Microsoft SQL Server\160\DTS\Binn;C:\Program Files\MongoDB\mongosh-2.3.9-win32-x64\bin;C:\Windows\System32\OpenSSH;C:\Program Files\nodejs;C:\Program Files\Docker\Docker\resources\bin;C:\hadoop\bin;C:\hadoop\sbin;C:\Program Files\MongoDB\Server\8.0\bin;C:\WINDOWS\system32;C:\WINDOWS;C:\WINDOWS\System32\Wbem;C:\WINDOWS\System32\WindowsPowerShell\v1.0;C:\WINDOWS\System32\OpenSSH;C:\Users\mateb\AppData\Local\Programs\Python\Python312\Scripts;C:\Users\mateb\AppData\Local\Programs\Python\Python312;C:\Users\mateb\AppData\Local\Microsoft\WindowsApps;C:\Microsoft VS Code\bin;C:\Program Files\JetBrains\IntelliJ IDEA Community Edition 2022.3.2\bin;C:\OpenCv\opencv\build;C:\Program Files\JetBrains\PyCharm Community Edition 2023.2.1\bin;C:\Program Files\JetBrains\IntelliJ IDEA 2023.1.3\bin;C:\Program Files\JetBrains\PyCharm 2024.1\bin;C:\Users\mateb\AppData\Roaming\nvm;C:\Program Files\nodejs;C:\keycloak-25.0.5\bin;C:\Users\mateb\AppData\Local\Android\Sdk\platform-tools;C:\kubernetes;C:\java projects\innowise project\k8s;C:\Windows\System32\OpenSSH;C:\Users\mateb\AppData\Roaming\npm;C:\Java\jdk-21.0.6\bin;C:\hadoop\bin;C:\Users\mateb\AppData\Local\JetBrains\Toolbox\scripts;C:\Program Files\JetBrains\IntelliJ IDEA Community Edition 2024.1\bin;C:\cursor\resources\app\bin
USERNAME=mateb
TERM=xterm-256color
OS=Windows_NT
PROCESSOR_IDENTIFIER=AMD64 Family 23 Model 24 Stepping 1, AuthenticAMD
TMP=C:\Users\mateb\AppData\Local\Temp
TEMP=C:\Users\mateb\AppData\Local\Temp




Periodic native trim disabled

---------------  S Y S T E M  ---------------

OS:
 Windows 11 , 64 bit Build 26100 (10.0.26100.7623)
OS uptime: 3 days 2:30 hours
Hyper-V role detected

CPU: total 8 (initial active 8) (8 cores per cpu, 2 threads per core) family 23 model 24 stepping 1 microcode 0x8108109, cx8, cmov, fxsr, ht, mmx, 3dnowpref, sse, sse2, sse3, ssse3, sse4a, sse4.1, sse4.2, popcnt, lzcnt, tsc, tscinvbit, avx, avx2, aes, clmul, bmi1, bmi2, adx, sha, fma, vzeroupper, clflush, clflushopt, hv, rdtscp, f16c
Processor Information for all 8 processors :
  Max Mhz: 2100, Current Mhz: 2100, Mhz Limit: 2100

Memory: 4k page, system-wide physical 7103M (579M free)
TotalPageFile size 21775M (AvailPageFile size 3M)
current process WorkingSet (physical memory assigned to process): 303M, peak: 305M
current process commit charge ("private bytes"): 337M, peak: 339M

vm_info: Java HotSpot(TM) 64-Bit Server VM (21.0.6+8-LTS-188) for windows-amd64 JRE (21.0.6+8-LTS-188), built on 2024-12-03T10:50:54Z by "mach5one" with MS VC++ 17.6 (VS2022)

END.
