#
# There is insufficient memory for the Java Runtime Environment to continue.
# Native memory allocation (malloc) failed to allocate 1191696 bytes. Error detail: Chunk::new
# Possible reasons:
#   The system is out of physical RAM or swap space
#   This process is running with CompressedOops enabled, and the Java Heap may be blocking the growth of the native heap
# Possible solutions:
#   Reduce memory load on the system
#   Increase physical memory or swap space
#   Check if swap backing store is full
#   Decrease Java heap size (-Xmx/-Xms)
#   Decrease number of Java threads
#   Decrease Java thread stack sizes (-Xss)
#   Set larger code cache with -XX:ReservedCodeCacheSize=
#   JVM is running with Unscaled Compressed Oops mode in which the Java heap is
#     placed in the first 4GB address space. The Java Heap base address is the
#     maximum limit for the native heap growth. Please use -XX:HeapBaseMinAddress
#     to set the Java Heap base and to place the Java Heap above 4GB virtual address.
# This output file may be truncated or incomplete.
#
#  Out of Memory Error (arena.cpp:168), pid=19844, tid=1256
#
# JRE version: OpenJDK Runtime Environment Corretto-21.0.10.7.1 (21.0.10+7) (build 21.0.10+7-LTS)
# Java VM: OpenJDK 64-Bit Server VM Corretto-21.0.10.7.1 (21.0.10+7-LTS, mixed mode, sharing, tiered, compressed oops, compressed class ptrs, g1 gc, windows-amd64)
# No core dump will be written. Minidumps are not enabled by default on client versions of Windows
#

---------------  S U M M A R Y ------------

Command Line: -javaagent:C:\Program Files\JetBrains\IntelliJ IDEA 2023.1.3\lib\idea_rt.jar=28226:C:\Program Files\JetBrains\IntelliJ IDEA 2023.1.3\bin -Dfile.encoding=UTF-8 -Dsun.stdout.encoding=UTF-8 -Dsun.stderr.encoding=UTF-8 com.trustflow.compliance_auth_service.ComplianceAuthServiceApplication

Host: AMD Ryzen 5 3500U with Radeon Vega Mobile Gfx  , 8 cores, 6G,  Windows 11 , 64 bit Build 26100 (10.0.26100.8246)
Time: Sun May 10 15:11:44 2026 elapsed time: 2476.416558 seconds (0d 0h 41m 16s)

---------------  T H R E A D  ---------------

Current thread (0x0000027349d3dac0):  JavaThread "C2 CompilerThread0" daemon [_thread_in_native, id=1256, stack(0x000000be86400000,0x000000be86500000) (1024K)]


Current CompileTask:
C2:2476417 12833   !   4       org.apache.kafka.clients.consumer.internals.ConsumerNetworkClient::poll (198 bytes)

Stack: [0x000000be86400000,0x000000be86500000]
Native frames: (J=compiled Java code, j=interpreted, Vv=VM code, C=native code)
V  [jvm.dll+0x6df2b9]
V  [jvm.dll+0x8bbdeb]
V  [jvm.dll+0x8be37a]
V  [jvm.dll+0x8bea53]
V  [jvm.dll+0x28a7a6]
V  [jvm.dll+0xc8fdd]
V  [jvm.dll+0xc952c]
V  [jvm.dll+0x3c5902]
V  [jvm.dll+0x391f92]
V  [jvm.dll+0x3913ea]
V  [jvm.dll+0x252540]
V  [jvm.dll+0x251b6c]
V  [jvm.dll+0x1d1a5e]
V  [jvm.dll+0x26171a]
V  [jvm.dll+0x25fca5]
V  [jvm.dll+0x3ff665]
V  [jvm.dll+0x866b5d]
V  [jvm.dll+0x6ddabd]
C  [ucrtbase.dll+0x37b0]
C  [KERNEL32.DLL+0x2e8d7]
C  [ntdll.dll+0x8c3fc]


---------------  P R O C E S S  ---------------

Threads class SMR info:
_java_thread_list=0x0000027390690080, length=33, elements={
0x0000027349d33f20, 0x0000027349d34b80, 0x0000027349d39e90, 0x0000027349d3ad00,
0x0000027349d3b760, 0x0000027349d3c1c0, 0x0000027349d3dac0, 0x0000027349d43280,
0x000002738f1f7260, 0x000002738f7f1e50, 0x000002738f7ed2b0, 0x00000273925fda90,
0x00000273925fe120, 0x00000273925fee40, 0x00000273925fe7b0, 0x00000273925fcd70,
0x00000273925fc6e0, 0x00000273950f0150, 0x00000273950eeda0, 0x00000273950eccd0,
0x00000273950f07e0, 0x00000273950ee080, 0x00000273950ed360, 0x00000273950f1b90,
0x00000273950ef430, 0x00000273950efac0, 0x00000273950f0e70, 0x00000273950f1500,
0x00000273950ee710, 0x00000273950f2f40, 0x00000273950f2220, 0x00000273950f28b0,
0x00000273950f42f0
}

Java Threads: ( => current thread )
  0x0000027349d33f20 JavaThread "Reference Handler"          daemon [_thread_blocked, id=19880, stack(0x000000be85e00000,0x000000be85f00000) (1024K)]
  0x0000027349d34b80 JavaThread "Finalizer"                  daemon [_thread_blocked, id=15280, stack(0x000000be85f00000,0x000000be86000000) (1024K)]
  0x0000027349d39e90 JavaThread "Signal Dispatcher"          daemon [_thread_blocked, id=14964, stack(0x000000be86000000,0x000000be86100000) (1024K)]
  0x0000027349d3ad00 JavaThread "Attach Listener"            daemon [_thread_blocked, id=12212, stack(0x000000be86100000,0x000000be86200000) (1024K)]
  0x0000027349d3b760 JavaThread "Service Thread"             daemon [_thread_blocked, id=20136, stack(0x000000be86200000,0x000000be86300000) (1024K)]
  0x0000027349d3c1c0 JavaThread "Monitor Deflation Thread"   daemon [_thread_blocked, id=8616, stack(0x000000be86300000,0x000000be86400000) (1024K)]
=>0x0000027349d3dac0 JavaThread "C2 CompilerThread0"         daemon [_thread_in_native, id=1256, stack(0x000000be86400000,0x000000be86500000) (1024K)]
  0x0000027349d43280 JavaThread "C1 CompilerThread0"         daemon [_thread_blocked, id=14840, stack(0x000000be86500000,0x000000be86600000) (1024K)]
  0x000002738f1f7260 JavaThread "Common-Cleaner"             daemon [_thread_blocked, id=9944, stack(0x000000be86600000,0x000000be86700000) (1024K)]
  0x000002738f7f1e50 JavaThread "Monitor Ctrl-Break"         daemon [_thread_in_native, id=22240, stack(0x000000be86700000,0x000000be86800000) (1024K)]
  0x000002738f7ed2b0 JavaThread "Notification Thread"        daemon [_thread_blocked, id=16932, stack(0x000000be86800000,0x000000be86900000) (1024K)]
  0x00000273925fda90 JavaThread "Catalina-utility-1"                [_thread_blocked, id=20976, stack(0x000000be87300000,0x000000be87400000) (1024K)]
  0x00000273925fe120 JavaThread "Catalina-utility-2"                [_thread_blocked, id=22596, stack(0x000000be87400000,0x000000be87500000) (1024K)]
  0x00000273925fee40 JavaThread "container-0"                       [_thread_blocked, id=21636, stack(0x000000be87500000,0x000000be87600000) (1024K)]
  0x00000273925fe7b0 JavaThread "PostgreSQL-JDBC-Cleaner"    daemon [_thread_blocked, id=7260, stack(0x000000be87600000,0x000000be87700000) (1024K)]
  0x00000273925fcd70 JavaThread "HikariPool-1:housekeeper"   daemon [_thread_blocked, id=10064, stack(0x000000be87700000,0x000000be87800000) (1024K)]
  0x00000273925fc6e0 JavaThread "HttpClient-1-SelectorManager" daemon [_thread_in_native, id=18368, stack(0x000000be87800000,0x000000be87900000) (1024K)]
  0x00000273950f0150 JavaThread "http-nio-9091-exec-1"       daemon [_thread_blocked, id=10236, stack(0x000000be85300000,0x000000be85400000) (1024K)]
  0x00000273950eeda0 JavaThread "http-nio-9091-exec-2"       daemon [_thread_blocked, id=22720, stack(0x000000be87100000,0x000000be87200000) (1024K)]
  0x00000273950eccd0 JavaThread "http-nio-9091-exec-3"       daemon [_thread_blocked, id=19900, stack(0x000000be87900000,0x000000be87a00000) (1024K)]
  0x00000273950f07e0 JavaThread "http-nio-9091-exec-4"       daemon [_thread_blocked, id=9172, stack(0x000000be87a00000,0x000000be87b00000) (1024K)]
  0x00000273950ee080 JavaThread "http-nio-9091-exec-5"       daemon [_thread_blocked, id=22404, stack(0x000000be87b00000,0x000000be87c00000) (1024K)]
  0x00000273950ed360 JavaThread "http-nio-9091-exec-6"       daemon [_thread_blocked, id=15808, stack(0x000000be87c00000,0x000000be87d00000) (1024K)]
  0x00000273950f1b90 JavaThread "http-nio-9091-exec-7"       daemon [_thread_blocked, id=9056, stack(0x000000be87d00000,0x000000be87e00000) (1024K)]
  0x00000273950ef430 JavaThread "http-nio-9091-exec-8"       daemon [_thread_blocked, id=23048, stack(0x000000be87e00000,0x000000be87f00000) (1024K)]
  0x00000273950efac0 JavaThread "http-nio-9091-exec-9"       daemon [_thread_blocked, id=23436, stack(0x000000be87f00000,0x000000be88000000) (1024K)]
  0x00000273950f0e70 JavaThread "http-nio-9091-exec-10"      daemon [_thread_blocked, id=23344, stack(0x000000be88000000,0x000000be88100000) (1024K)]
  0x00000273950f1500 JavaThread "http-nio-9091-Poller"       daemon [_thread_in_native, id=9832, stack(0x000000be88100000,0x000000be88200000) (1024K)]
  0x00000273950ee710 JavaThread "http-nio-9091-Acceptor"     daemon [_thread_in_native, id=19784, stack(0x000000be88200000,0x000000be88300000) (1024K)]
  0x00000273950f2f40 JavaThread "ThreadPoolTaskScheduler-1"         [_thread_blocked, id=22756, stack(0x000000be88400000,0x000000be88500000) (1024K)]
  0x00000273950f2220 JavaThread "org.springframework.kafka.KafkaListenerEndpointContainer#0-0-C-1"        [_thread_in_native, id=15744, stack(0x000000be88500000,0x000000be88600000) (1024K)]
  0x00000273950f28b0 JavaThread "DestroyJavaVM"                     [_thread_blocked, id=8292, stack(0x000000be85600000,0x000000be85700000) (1024K)]
  0x00000273950f42f0 JavaThread "kafka-coordinator-heartbeat-thread | auth-service" daemon [_thread_blocked, id=19620, stack(0x000000be88300000,0x000000be88400000) (1024K)]
Total: 33

Other Threads:
  0x0000027349d0bd10 VMThread "VM Thread"                           [id=14768, stack(0x000000be85d00000,0x000000be85e00000) (1024K)]
  0x0000027349cf7f20 WatcherThread "VM Periodic Task Thread"        [id=18440, stack(0x000000be85c00000,0x000000be85d00000) (1024K)]
  0x000002732d647c00 WorkerThread "GC Thread#0"                     [id=9472, stack(0x000000be85700000,0x000000be85800000) (1024K)]
  0x000002738fbe7c70 WorkerThread "GC Thread#1"                     [id=9368, stack(0x000000be86900000,0x000000be86a00000) (1024K)]
  0x000002738fa6f0d0 WorkerThread "GC Thread#2"                     [id=1892, stack(0x000000be86a00000,0x000000be86b00000) (1024K)]
  0x000002738faedfd0 WorkerThread "GC Thread#3"                     [id=17528, stack(0x000000be86b00000,0x000000be86c00000) (1024K)]
  0x000002738fe8e2c0 WorkerThread "GC Thread#4"                     [id=22628, stack(0x000000be86c00000,0x000000be86d00000) (1024K)]
  0x000002738fe8e670 WorkerThread "GC Thread#5"                     [id=22876, stack(0x000000be86d00000,0x000000be86e00000) (1024K)]
  0x000002738fb95440 WorkerThread "GC Thread#6"                     [id=4948, stack(0x000000be86e00000,0x000000be86f00000) (1024K)]
  0x000002738fed37b0 WorkerThread "GC Thread#7"                     [id=12608, stack(0x000000be86f00000,0x000000be87000000) (1024K)]
  0x000002732b40d870 ConcurrentGCThread "G1 Main Marker"            [id=13612, stack(0x000000be85800000,0x000000be85900000) (1024K)]
  0x000002732d655280 WorkerThread "G1 Conc#0"                       [id=11048, stack(0x000000be85900000,0x000000be85a00000) (1024K)]
  0x000002738fbe8020 WorkerThread "G1 Conc#1"                       [id=2192, stack(0x000000be87200000,0x000000be87300000) (1024K)]
  0x000002732d69e9a0 ConcurrentGCThread "G1 Refine#0"               [id=17772, stack(0x000000be85a00000,0x000000be85b00000) (1024K)]
  0x0000027349bcc930 ConcurrentGCThread "G1 Service"                [id=20148, stack(0x000000be85b00000,0x000000be85c00000) (1024K)]
Total: 15

Threads with active compile tasks:
C2 CompilerThread0  2477350 12833   !   4       org.apache.kafka.clients.consumer.internals.ConsumerNetworkClient::poll (198 bytes)
Total: 1

VM state: not at safepoint (normal execution)

VM Mutex/Monitor currently owned by a thread: None

Heap address: 0x0000000091000000, size: 1776 MB, Compressed Oops mode: 32-bit

CDS archive(s) mapped at: [0x000002734a000000-0x000002734ac80000-0x000002734ac80000), size 13107200, SharedBaseAddress: 0x000002734a000000, ArchiveRelocationMode: 1.
Compressed class space mapped at: 0x000002734b000000-0x000002738b000000, reserved size: 1073741824
Narrow klass base: 0x000002734a000000, Narrow klass shift: 0, Narrow klass range: 0x100000000

GC Precious Log:
 CardTable entry size: 512
 Card Set container configuration: InlinePtr #cards 5 size 8 Array Of Cards #cards 12 size 40 Howl #buckets 4 coarsen threshold 1843 Howl Bitmap #cards 512 size 80 coarsen threshold 460 Card regions per heap region 1 cards per card region 2048
 CPUs: 8 total, 8 available
 Memory: 7103M
 Large Page Support: Disabled
 NUMA Support: Disabled
 Compressed Oops: Enabled (32-bit)
 Heap Region Size: 1M
 Heap Min Capacity: 8M
 Heap Initial Capacity: 112M
 Heap Max Capacity: 1776M
 Pre-touch: Disabled
 Parallel Workers: 8
 Concurrent Workers: 2
 Concurrent Refinement Workers: 8
 Periodic GC: Disabled

Heap:
 garbage-first heap   total 107520K, used 90060K [0x0000000091000000, 0x0000000100000000)
  region size 1024K, 40 young (40960K), 3 survivors (3072K)
 Metaspace       used 123458K, committed 124608K, reserved 1179648K
  class space    used 16523K, committed 17024K, reserved 1048576K

Heap Regions: E=young(eden), S=young(survivor), O=old, HS=humongous(starts), HC=humongous(continues), CS=collection set, F=free, TAMS=top-at-mark-start, PB=parsable bottom
|   0|0x0000000091000000, 0x0000000091100000, 0x0000000091100000|100%|HS|  |TAMS 0x0000000091000000| PB 0x0000000091000000| Complete 
|   1|0x0000000091100000, 0x0000000091200000, 0x0000000091200000|100%|HS|  |TAMS 0x0000000091100000| PB 0x0000000091100000| Complete 
|   2|0x0000000091200000, 0x0000000091300000, 0x0000000091300000|100%| O|  |TAMS 0x0000000091200000| PB 0x0000000091200000| Untracked 
|   3|0x0000000091300000, 0x0000000091400000, 0x0000000091400000|100%| O|  |TAMS 0x0000000091300000| PB 0x0000000091300000| Untracked 
|   4|0x0000000091400000, 0x0000000091500000, 0x0000000091500000|100%| O|  |TAMS 0x0000000091400000| PB 0x0000000091400000| Untracked 
|   5|0x0000000091500000, 0x0000000091600000, 0x0000000091600000|100%| O|  |TAMS 0x0000000091500000| PB 0x0000000091500000| Untracked 
|   6|0x0000000091600000, 0x0000000091700000, 0x0000000091700000|100%| O|  |TAMS 0x0000000091600000| PB 0x0000000091600000| Untracked 
|   7|0x0000000091700000, 0x0000000091800000, 0x0000000091800000|100%| O|  |TAMS 0x0000000091700000| PB 0x0000000091700000| Untracked 
|   8|0x0000000091800000, 0x0000000091900000, 0x0000000091900000|100%| O|  |TAMS 0x0000000091800000| PB 0x0000000091800000| Untracked 
|   9|0x0000000091900000, 0x0000000091a00000, 0x0000000091a00000|100%| O|  |TAMS 0x0000000091900000| PB 0x0000000091900000| Untracked 
|  10|0x0000000091a00000, 0x0000000091b00000, 0x0000000091b00000|100%| O|  |TAMS 0x0000000091a00000| PB 0x0000000091a00000| Untracked 
|  11|0x0000000091b00000, 0x0000000091c00000, 0x0000000091c00000|100%| O|  |TAMS 0x0000000091b00000| PB 0x0000000091b00000| Untracked 
|  12|0x0000000091c00000, 0x0000000091d00000, 0x0000000091d00000|100%| O|  |TAMS 0x0000000091c00000| PB 0x0000000091c00000| Untracked 
|  13|0x0000000091d00000, 0x0000000091e00000, 0x0000000091e00000|100%| O|  |TAMS 0x0000000091d00000| PB 0x0000000091d00000| Untracked 
|  14|0x0000000091e00000, 0x0000000091f00000, 0x0000000091f00000|100%| O|  |TAMS 0x0000000091e00000| PB 0x0000000091e00000| Untracked 
|  15|0x0000000091f00000, 0x0000000092000000, 0x0000000092000000|100%| O|  |TAMS 0x0000000091f00000| PB 0x0000000091f00000| Untracked 
|  16|0x0000000092000000, 0x0000000092100000, 0x0000000092100000|100%| O|  |TAMS 0x0000000092000000| PB 0x0000000092000000| Untracked 
|  17|0x0000000092100000, 0x0000000092200000, 0x0000000092200000|100%| O|  |TAMS 0x0000000092100000| PB 0x0000000092100000| Untracked 
|  18|0x0000000092200000, 0x0000000092300000, 0x0000000092300000|100%| O|  |TAMS 0x0000000092200000| PB 0x0000000092200000| Untracked 
|  19|0x0000000092300000, 0x0000000092400000, 0x0000000092400000|100%| O|  |TAMS 0x0000000092300000| PB 0x0000000092300000| Untracked 
|  20|0x0000000092400000, 0x0000000092500000, 0x0000000092500000|100%| O|  |TAMS 0x0000000092400000| PB 0x0000000092400000| Untracked 
|  21|0x0000000092500000, 0x0000000092600000, 0x0000000092600000|100%| O|  |TAMS 0x0000000092500000| PB 0x0000000092500000| Untracked 
|  22|0x0000000092600000, 0x0000000092700000, 0x0000000092700000|100%| O|  |TAMS 0x0000000092600000| PB 0x0000000092600000| Untracked 
|  23|0x0000000092700000, 0x0000000092800000, 0x0000000092800000|100%| O|  |TAMS 0x0000000092700000| PB 0x0000000092700000| Untracked 
|  24|0x0000000092800000, 0x0000000092900000, 0x0000000092900000|100%| O|  |TAMS 0x0000000092800000| PB 0x0000000092800000| Untracked 
|  25|0x0000000092900000, 0x0000000092a00000, 0x0000000092a00000|100%| O|  |TAMS 0x0000000092900000| PB 0x0000000092900000| Untracked 
|  26|0x0000000092a00000, 0x0000000092b00000, 0x0000000092b00000|100%| O|  |TAMS 0x0000000092a00000| PB 0x0000000092a00000| Untracked 
|  27|0x0000000092b00000, 0x0000000092c00000, 0x0000000092c00000|100%| O|  |TAMS 0x0000000092b00000| PB 0x0000000092b00000| Untracked 
|  28|0x0000000092c00000, 0x0000000092d00000, 0x0000000092d00000|100%| O|  |TAMS 0x0000000092c00000| PB 0x0000000092c00000| Untracked 
|  29|0x0000000092d00000, 0x0000000092e00000, 0x0000000092e00000|100%| O|  |TAMS 0x0000000092d00000| PB 0x0000000092d00000| Untracked 
|  30|0x0000000092e00000, 0x0000000092f00000, 0x0000000092f00000|100%| O|  |TAMS 0x0000000092e00000| PB 0x0000000092e00000| Untracked 
|  31|0x0000000092f00000, 0x0000000093000000, 0x0000000093000000|100%| O|  |TAMS 0x0000000092f00000| PB 0x0000000092f00000| Untracked 
|  32|0x0000000093000000, 0x0000000093100000, 0x0000000093100000|100%| O|  |TAMS 0x0000000093000000| PB 0x0000000093000000| Untracked 
|  33|0x0000000093100000, 0x0000000093200000, 0x0000000093200000|100%| O|  |TAMS 0x0000000093100000| PB 0x0000000093100000| Untracked 
|  34|0x0000000093200000, 0x0000000093300000, 0x0000000093300000|100%| O|  |TAMS 0x0000000093200000| PB 0x0000000093200000| Untracked 
|  35|0x0000000093300000, 0x0000000093400000, 0x0000000093400000|100%| O|  |TAMS 0x0000000093300000| PB 0x0000000093300000| Untracked 
|  36|0x0000000093400000, 0x0000000093400000, 0x0000000093500000|  0%| F|  |TAMS 0x0000000093400000| PB 0x0000000093400000| Untracked 
|  37|0x0000000093500000, 0x0000000093600000, 0x0000000093600000|100%| O|  |TAMS 0x0000000093500000| PB 0x0000000093500000| Untracked 
|  38|0x0000000093600000, 0x0000000093600000, 0x0000000093700000|  0%| F|  |TAMS 0x0000000093600000| PB 0x0000000093600000| Untracked 
|  39|0x0000000093700000, 0x0000000093800000, 0x0000000093800000|100%| O|  |TAMS 0x0000000093700000| PB 0x0000000093700000| Untracked 
|  40|0x0000000093800000, 0x0000000093900000, 0x0000000093900000|100%| O|  |TAMS 0x0000000093800000| PB 0x0000000093800000| Untracked 
|  41|0x0000000093900000, 0x0000000093a00000, 0x0000000093a00000|100%| O|  |TAMS 0x0000000093900000| PB 0x0000000093900000| Untracked 
|  42|0x0000000093a00000, 0x0000000093b00000, 0x0000000093b00000|100%| O|  |TAMS 0x0000000093a00000| PB 0x0000000093a00000| Untracked 
|  43|0x0000000093b00000, 0x0000000093c00000, 0x0000000093c00000|100%| O|  |TAMS 0x0000000093b00000| PB 0x0000000093b00000| Untracked 
|  44|0x0000000093c00000, 0x0000000093d00000, 0x0000000093d00000|100%| O|  |TAMS 0x0000000093c00000| PB 0x0000000093c00000| Untracked 
|  45|0x0000000093d00000, 0x0000000093e00000, 0x0000000093e00000|100%| O|  |TAMS 0x0000000093d00000| PB 0x0000000093d00000| Untracked 
|  46|0x0000000093e00000, 0x0000000093f00000, 0x0000000093f00000|100%| O|  |TAMS 0x0000000093e00000| PB 0x0000000093e00000| Untracked 
|  47|0x0000000093f00000, 0x0000000094000000, 0x0000000094000000|100%| O|  |TAMS 0x0000000093f00000| PB 0x0000000093f00000| Untracked 
|  48|0x0000000094000000, 0x0000000094100000, 0x0000000094100000|100%| O|  |TAMS 0x0000000094000000| PB 0x0000000094000000| Untracked 
|  49|0x0000000094100000, 0x000000009418fcd8, 0x0000000094200000| 56%| O|  |TAMS 0x0000000094100000| PB 0x0000000094100000| Untracked 
|  50|0x0000000094200000, 0x0000000094200000, 0x0000000094300000|  0%| F|  |TAMS 0x0000000094200000| PB 0x0000000094200000| Untracked 
|  51|0x0000000094300000, 0x0000000094363570, 0x0000000094400000| 38%| S|CS|TAMS 0x0000000094300000| PB 0x0000000094300000| Complete 
|  52|0x0000000094400000, 0x0000000094500000, 0x0000000094500000|100%| S|CS|TAMS 0x0000000094400000| PB 0x0000000094400000| Complete 
|  53|0x0000000094500000, 0x0000000094600000, 0x0000000094600000|100%| S|CS|TAMS 0x0000000094500000| PB 0x0000000094500000| Complete 
|  54|0x0000000094600000, 0x0000000094600000, 0x0000000094700000|  0%| F|  |TAMS 0x0000000094600000| PB 0x0000000094600000| Untracked 
|  55|0x0000000094700000, 0x0000000094700000, 0x0000000094800000|  0%| F|  |TAMS 0x0000000094700000| PB 0x0000000094700000| Untracked 
|  56|0x0000000094800000, 0x0000000094800000, 0x0000000094900000|  0%| F|  |TAMS 0x0000000094800000| PB 0x0000000094800000| Untracked 
|  57|0x0000000094900000, 0x0000000094900000, 0x0000000094a00000|  0%| F|  |TAMS 0x0000000094900000| PB 0x0000000094900000| Untracked 
|  58|0x0000000094a00000, 0x0000000094a00000, 0x0000000094b00000|  0%| F|  |TAMS 0x0000000094a00000| PB 0x0000000094a00000| Untracked 
|  59|0x0000000094b00000, 0x0000000094b00000, 0x0000000094c00000|  0%| F|  |TAMS 0x0000000094b00000| PB 0x0000000094b00000| Untracked 
|  60|0x0000000094c00000, 0x0000000094c00000, 0x0000000094d00000|  0%| F|  |TAMS 0x0000000094c00000| PB 0x0000000094c00000| Untracked 
|  61|0x0000000094d00000, 0x0000000094d00000, 0x0000000094e00000|  0%| F|  |TAMS 0x0000000094d00000| PB 0x0000000094d00000| Untracked 
|  62|0x0000000094e00000, 0x0000000094e00000, 0x0000000094f00000|  0%| F|  |TAMS 0x0000000094e00000| PB 0x0000000094e00000| Untracked 
|  63|0x0000000094f00000, 0x0000000094f00000, 0x0000000095000000|  0%| F|  |TAMS 0x0000000094f00000| PB 0x0000000094f00000| Untracked 
|  64|0x0000000095000000, 0x0000000095000000, 0x0000000095100000|  0%| F|  |TAMS 0x0000000095000000| PB 0x0000000095000000| Untracked 
|  65|0x0000000095100000, 0x0000000095100000, 0x0000000095200000|  0%| F|  |TAMS 0x0000000095100000| PB 0x0000000095100000| Untracked 
|  66|0x0000000095200000, 0x0000000095298d60, 0x0000000095300000| 59%| E|  |TAMS 0x0000000095200000| PB 0x0000000095200000| Complete 
|  67|0x0000000095300000, 0x0000000095400000, 0x0000000095400000|100%| E|CS|TAMS 0x0000000095300000| PB 0x0000000095300000| Complete 
|  68|0x0000000095400000, 0x0000000095500000, 0x0000000095500000|100%| E|CS|TAMS 0x0000000095400000| PB 0x0000000095400000| Complete 
|  69|0x0000000095500000, 0x0000000095600000, 0x0000000095600000|100%| E|CS|TAMS 0x0000000095500000| PB 0x0000000095500000| Complete 
|  70|0x0000000095600000, 0x0000000095700000, 0x0000000095700000|100%| E|CS|TAMS 0x0000000095600000| PB 0x0000000095600000| Complete 
|  71|0x0000000095700000, 0x0000000095800000, 0x0000000095800000|100%| E|CS|TAMS 0x0000000095700000| PB 0x0000000095700000| Complete 
|  72|0x0000000095800000, 0x0000000095900000, 0x0000000095900000|100%| E|CS|TAMS 0x0000000095800000| PB 0x0000000095800000| Complete 
|  73|0x0000000095900000, 0x0000000095a00000, 0x0000000095a00000|100%| E|CS|TAMS 0x0000000095900000| PB 0x0000000095900000| Complete 
|  74|0x0000000095a00000, 0x0000000095b00000, 0x0000000095b00000|100%| E|CS|TAMS 0x0000000095a00000| PB 0x0000000095a00000| Complete 
|  75|0x0000000095b00000, 0x0000000095c00000, 0x0000000095c00000|100%| E|CS|TAMS 0x0000000095b00000| PB 0x0000000095b00000| Complete 
|  76|0x0000000095c00000, 0x0000000095d00000, 0x0000000095d00000|100%| E|CS|TAMS 0x0000000095c00000| PB 0x0000000095c00000| Complete 
|  77|0x0000000095d00000, 0x0000000095e00000, 0x0000000095e00000|100%| E|CS|TAMS 0x0000000095d00000| PB 0x0000000095d00000| Complete 
|  78|0x0000000095e00000, 0x0000000095f00000, 0x0000000095f00000|100%| E|CS|TAMS 0x0000000095e00000| PB 0x0000000095e00000| Complete 
|  79|0x0000000095f00000, 0x0000000096000000, 0x0000000096000000|100%| E|CS|TAMS 0x0000000095f00000| PB 0x0000000095f00000| Complete 
|  80|0x0000000096000000, 0x0000000096100000, 0x0000000096100000|100%| E|CS|TAMS 0x0000000096000000| PB 0x0000000096000000| Complete 
|  81|0x0000000096100000, 0x0000000096200000, 0x0000000096200000|100%| E|CS|TAMS 0x0000000096100000| PB 0x0000000096100000| Complete 
|  82|0x0000000096200000, 0x0000000096300000, 0x0000000096300000|100%| E|CS|TAMS 0x0000000096200000| PB 0x0000000096200000| Complete 
|  83|0x0000000096300000, 0x0000000096400000, 0x0000000096400000|100%| E|CS|TAMS 0x0000000096300000| PB 0x0000000096300000| Complete 
|  84|0x0000000096400000, 0x0000000096500000, 0x0000000096500000|100%| E|CS|TAMS 0x0000000096400000| PB 0x0000000096400000| Complete 
|  85|0x0000000096500000, 0x0000000096600000, 0x0000000096600000|100%| E|CS|TAMS 0x0000000096500000| PB 0x0000000096500000| Complete 
|  86|0x0000000096600000, 0x0000000096700000, 0x0000000096700000|100%| E|CS|TAMS 0x0000000096600000| PB 0x0000000096600000| Complete 
|  87|0x0000000096700000, 0x0000000096800000, 0x0000000096800000|100%| E|CS|TAMS 0x0000000096700000| PB 0x0000000096700000| Complete 
|  88|0x0000000096800000, 0x0000000096900000, 0x0000000096900000|100%| E|CS|TAMS 0x0000000096800000| PB 0x0000000096800000| Complete 
|  89|0x0000000096900000, 0x0000000096a00000, 0x0000000096a00000|100%| E|CS|TAMS 0x0000000096900000| PB 0x0000000096900000| Complete 
|  90|0x0000000096a00000, 0x0000000096b00000, 0x0000000096b00000|100%| E|CS|TAMS 0x0000000096a00000| PB 0x0000000096a00000| Complete 
|  91|0x0000000096b00000, 0x0000000096c00000, 0x0000000096c00000|100%| E|CS|TAMS 0x0000000096b00000| PB 0x0000000096b00000| Complete 
|  92|0x0000000096c00000, 0x0000000096d00000, 0x0000000096d00000|100%| E|CS|TAMS 0x0000000096c00000| PB 0x0000000096c00000| Complete 
|  93|0x0000000096d00000, 0x0000000096e00000, 0x0000000096e00000|100%| E|CS|TAMS 0x0000000096d00000| PB 0x0000000096d00000| Complete 
|  94|0x0000000096e00000, 0x0000000096f00000, 0x0000000096f00000|100%| E|CS|TAMS 0x0000000096e00000| PB 0x0000000096e00000| Complete 
|  95|0x0000000096f00000, 0x0000000097000000, 0x0000000097000000|100%| E|CS|TAMS 0x0000000096f00000| PB 0x0000000096f00000| Complete 
|  96|0x0000000097000000, 0x0000000097100000, 0x0000000097100000|100%| E|CS|TAMS 0x0000000097000000| PB 0x0000000097000000| Complete 
|  97|0x0000000097100000, 0x0000000097200000, 0x0000000097200000|100%| E|CS|TAMS 0x0000000097100000| PB 0x0000000097100000| Complete 
|  98|0x0000000097200000, 0x0000000097300000, 0x0000000097300000|100%| E|CS|TAMS 0x0000000097200000| PB 0x0000000097200000| Complete 
|  99|0x0000000097300000, 0x0000000097400000, 0x0000000097400000|100%| E|CS|TAMS 0x0000000097300000| PB 0x0000000097300000| Complete 
| 111|0x0000000097f00000, 0x0000000098000000, 0x0000000098000000|100%| E|CS|TAMS 0x0000000097f00000| PB 0x0000000097f00000| Complete 
|1772|0x00000000ffc00000, 0x00000000ffd00000, 0x00000000ffd00000|100%| O|  |TAMS 0x00000000ffc00000| PB 0x00000000ffc00000| Untracked 
|1773|0x00000000ffd00000, 0x00000000ffe00000, 0x00000000ffe00000|100%| E|CS|TAMS 0x00000000ffd00000| PB 0x00000000ffd00000| Complete 
|1774|0x00000000ffe00000, 0x00000000fff00000, 0x00000000fff00000|100%| O|  |TAMS 0x00000000ffe00000| PB 0x00000000ffe00000| Untracked 
|1775|0x00000000fff00000, 0x0000000100000000, 0x0000000100000000|100%| E|CS|TAMS 0x00000000fff00000| PB 0x00000000fff00000| Complete 

Card table byte_map: [0x00000273453b0000,0x0000027345730000] _byte_map_base: 0x0000027344f28000

Marking Bits: (CMBitMap*) 0x000002732d648310
 Bits: [0x0000027345730000, 0x00000273472f0000)

Polling page: 0x000002732b810000

Metaspace:

Usage:
  Non-class:    104.43 MB used.
      Class:     16.14 MB used.
       Both:    120.56 MB used.

Virtual space:
  Non-class space:      128.00 MB reserved,     105.06 MB ( 82%) committed,  2 nodes.
      Class space:        1.00 GB reserved,      16.62 MB (  2%) committed,  1 nodes.
             Both:        1.12 GB reserved,     121.69 MB ( 11%) committed. 

Chunk freelists:
   Non-Class:  6.62 MB
       Class:  15.19 MB
        Both:  21.81 MB

MaxMetaspaceSize: unlimited
CompressedClassSpaceSize: 1.00 GB
Initial GC threshold: 21.00 MB
Current GC threshold: 197.94 MB
CDS: on
 - commit_granule_bytes: 65536.
 - commit_granule_words: 8192.
 - virtual_space_node_default_size: 8388608.
 - enlarge_chunks_in_place: 1.
 - use_allocation_guard: 0.


Internal statistics:

num_allocs_failed_limit: 11.
num_arena_births: 1858.
num_arena_deaths: 0.
num_vsnodes_births: 3.
num_vsnodes_deaths: 0.
num_space_committed: 1947.
num_space_uncommitted: 0.
num_chunks_returned_to_freelist: 11.
num_chunks_taken_from_freelist: 6304.
num_chunk_merges: 11.
num_chunk_splits: 4650.
num_chunks_enlarged: 3685.
num_inconsistent_stats: 0.

CodeHeap 'non-profiled nmethods': size=120000Kb used=7447Kb max_used=7447Kb free=112552Kb
 bounds [0x000002733d7d0000, 0x000002733df20000, 0x0000027344d00000]
CodeHeap 'profiled nmethods': size=120000Kb used=21335Kb max_used=21335Kb free=98664Kb
 bounds [0x0000027335d00000, 0x00000273371e0000, 0x000002733d230000]
CodeHeap 'non-nmethods': size=5760Kb used=1750Kb max_used=1796Kb free=4009Kb
 bounds [0x000002733d230000, 0x000002733d4a0000, 0x000002733d7d0000]
CodeCache: size=245760Kb, used=30532Kb, max_used=30578Kb, free=215225Kb
 total_blobs=11966, nmethods=11089, adapters=780, full_count=0
Compilation: enabled, stopped_count=0, restarted_count=0

Compilation events (20 events):
Event: 2419.034 Thread 0x0000027349d3dac0 nmethod 12823 0x000002733df05790 code [0x000002733df05920, 0x000002733df059d0]
Event: 2431.475 Thread 0x0000027349d3dac0 12824       4       org.apache.kafka.clients.consumer.internals.BaseHeartbeatThread::isEnabled (8 bytes)
Event: 2431.482 Thread 0x0000027349d3dac0 nmethod 12824 0x000002733df05a90 code [0x000002733df05c20, 0x000002733df05cc8]
Event: 2434.836 Thread 0x0000027349d3dac0 12825       4       java.util.ArrayList::spliterator (12 bytes)
Event: 2434.839 Thread 0x0000027349d3dac0 nmethod 12825 0x000002733df05d90 code [0x000002733df05f20, 0x000002733df06020]
Event: 2439.440 Thread 0x0000027349d43280 12826   !   3       org.apache.catalina.core.StandardContext::getResources (38 bytes)
Event: 2439.474 Thread 0x0000027349d43280 nmethod 12826 0x00000273371d4390 code [0x00000273371d45c0, 0x00000273371d4cd8]
Event: 2441.665 Thread 0x0000027349d3dac0 12827       4       java.util.ArrayList$ArrayListSpliterator::forEachRemaining (127 bytes)
Event: 2441.719 Thread 0x0000027349d3dac0 nmethod 12827 0x000002733df06110 code [0x000002733df062c0, 0x000002733df06510]
Event: 2447.511 Thread 0x0000027349d3dac0 12828       4       org.apache.kafka.clients.NetworkClient::doSend (136 bytes)
Event: 2448.326 Thread 0x0000027349d3dac0 nmethod 12828 0x000002733df06710 code [0x000002733df06de0, 0x000002733df0c888]
Event: 2448.328 Thread 0x0000027349d3dac0 12829       4       org.apache.kafka.common.protocol.SendBuilder::buildSend (94 bytes)
Event: 2448.463 Thread 0x0000027349d3dac0 nmethod 12829 0x000002733df0fa90 code [0x000002733df0fec0, 0x000002733df12cd8]
Event: 2452.424 Thread 0x0000027349d3dac0 12830       4       org.apache.kafka.common.message.ApiMessageType::responseHeaderVersion (888 bytes)
Event: 2452.426 Thread 0x0000027349d3dac0 nmethod 12830 0x000002733df14790 code [0x000002733df14920, 0x000002733df14a28]
Event: 2452.428 Thread 0x0000027349d3dac0 12831       4       org.apache.kafka.common.requests.AbstractResponse::parseResponse (936 bytes)
Event: 2452.525 Thread 0x0000027349d3dac0 nmethod 12831 0x000002733df14b10 code [0x000002733df14d80, 0x000002733df157d0]
Event: 2466.873 Thread 0x0000027349d43280 12832       3       org.postgresql.jdbc.PgConnection::createStatement (16 bytes)
Event: 2466.928 Thread 0x0000027349d43280 nmethod 12832 0x00000273371d5010 code [0x00000273371d5240, 0x00000273371d5af0]
Event: 2475.090 Thread 0x0000027349d3dac0 12833   !   4       org.apache.kafka.clients.consumer.internals.ConsumerNetworkClient::poll (198 bytes)

GC Heap History (20 events):
Event: 31.168 GC heap before
{Heap before GC invocations=24 (full 0):
 garbage-first heap   total 75776K, used 68977K [0x0000000091000000, 0x0000000100000000)
  region size 1024K, 27 young (27648K), 3 survivors (3072K)
 Metaspace       used 90293K, committed 91136K, reserved 1179648K
  class space    used 12352K, committed 12736K, reserved 1048576K
}
Event: 31.173 GC heap after
{Heap after GC invocations=25 (full 0):
 garbage-first heap   total 75776K, used 44475K [0x0000000091000000, 0x0000000100000000)
  region size 1024K, 3 young (3072K), 3 survivors (3072K)
 Metaspace       used 90293K, committed 91136K, reserved 1179648K
  class space    used 12352K, committed 12736K, reserved 1048576K
}
Event: 32.550 GC heap before
{Heap before GC invocations=25 (full 0):
 garbage-first heap   total 75776K, used 69051K [0x0000000091000000, 0x0000000100000000)
  region size 1024K, 28 young (28672K), 3 survivors (3072K)
 Metaspace       used 92706K, committed 93632K, reserved 1179648K
  class space    used 12665K, committed 13056K, reserved 1048576K
}
Event: 32.556 GC heap after
{Heap after GC invocations=26 (full 0):
 garbage-first heap   total 75776K, used 46218K [0x0000000091000000, 0x0000000100000000)
  region size 1024K, 4 young (4096K), 4 survivors (4096K)
 Metaspace       used 92706K, committed 93632K, reserved 1179648K
  class space    used 12665K, committed 13056K, reserved 1048576K
}
Event: 33.206 GC heap before
{Heap before GC invocations=27 (full 0):
 garbage-first heap   total 78848K, used 69770K [0x0000000091000000, 0x0000000100000000)
  region size 1024K, 27 young (27648K), 4 survivors (4096K)
 Metaspace       used 94627K, committed 95616K, reserved 1179648K
  class space    used 13010K, committed 13440K, reserved 1048576K
}
Event: 33.213 GC heap after
{Heap after GC invocations=28 (full 0):
 garbage-first heap   total 78848K, used 46924K [0x0000000091000000, 0x0000000100000000)
  region size 1024K, 3 young (3072K), 3 survivors (3072K)
 Metaspace       used 94627K, committed 95616K, reserved 1179648K
  class space    used 13010K, committed 13440K, reserved 1048576K
}
Event: 34.499 GC heap before
{Heap before GC invocations=28 (full 0):
 garbage-first heap   total 78848K, used 71500K [0x0000000091000000, 0x0000000100000000)
  region size 1024K, 28 young (28672K), 3 survivors (3072K)
 Metaspace       used 101159K, committed 102144K, reserved 1179648K
  class space    used 13615K, committed 14080K, reserved 1048576K
}
Event: 34.510 GC heap after
{Heap after GC invocations=29 (full 0):
 garbage-first heap   total 79872K, used 47906K [0x0000000091000000, 0x0000000100000000)
  region size 1024K, 4 young (4096K), 4 survivors (4096K)
 Metaspace       used 101159K, committed 102144K, reserved 1179648K
  class space    used 13615K, committed 14080K, reserved 1048576K
}
Event: 89.220 GC heap before
{Heap before GC invocations=29 (full 0):
 garbage-first heap   total 79872K, used 72482K [0x0000000091000000, 0x0000000100000000)
  region size 1024K, 29 young (29696K), 4 survivors (4096K)
 Metaspace       used 107710K, committed 108736K, reserved 1179648K
  class space    used 14302K, committed 14720K, reserved 1048576K
}
Event: 89.238 GC heap after
{Heap after GC invocations=30 (full 0):
 garbage-first heap   total 79872K, used 49103K [0x0000000091000000, 0x0000000100000000)
  region size 1024K, 3 young (3072K), 3 survivors (3072K)
 Metaspace       used 107710K, committed 108736K, reserved 1179648K
  class space    used 14302K, committed 14720K, reserved 1048576K
}
Event: 374.095 GC heap before
{Heap before GC invocations=31 (full 0):
 garbage-first heap   total 83968K, used 72655K [0x0000000091000000, 0x0000000100000000)
  region size 1024K, 27 young (27648K), 3 survivors (3072K)
 Metaspace       used 111017K, committed 112064K, reserved 1179648K
  class space    used 14736K, committed 15232K, reserved 1048576K
}
Event: 374.132 GC heap after
{Heap after GC invocations=32 (full 0):
 garbage-first heap   total 83968K, used 50741K [0x0000000091000000, 0x0000000100000000)
  region size 1024K, 3 young (3072K), 3 survivors (3072K)
 Metaspace       used 111017K, committed 112064K, reserved 1179648K
  class space    used 14736K, committed 15232K, reserved 1048576K
}
Event: 380.342 GC heap before
{Heap before GC invocations=32 (full 0):
 garbage-first heap   total 83968K, used 77365K [0x0000000091000000, 0x0000000100000000)
  region size 1024K, 30 young (30720K), 3 survivors (3072K)
 Metaspace       used 117620K, committed 118720K, reserved 1179648K
  class space    used 15825K, committed 16320K, reserved 1048576K
}
Event: 380.394 GC heap after
{Heap after GC invocations=33 (full 0):
 garbage-first heap   total 84992K, used 51098K [0x0000000091000000, 0x0000000100000000)
  region size 1024K, 3 young (3072K), 3 survivors (3072K)
 Metaspace       used 117620K, committed 118720K, reserved 1179648K
  class space    used 15825K, committed 16320K, reserved 1048576K
}
Event: 776.839 GC heap before
{Heap before GC invocations=33 (full 0):
 garbage-first heap   total 84992K, used 79770K [0x0000000091000000, 0x0000000100000000)
  region size 1024K, 31 young (31744K), 3 survivors (3072K)
 Metaspace       used 120473K, committed 121600K, reserved 1179648K
  class space    used 16211K, committed 16704K, reserved 1048576K
}
Event: 777.103 GC heap after
{Heap after GC invocations=34 (full 0):
 garbage-first heap   total 84992K, used 51825K [0x0000000091000000, 0x0000000100000000)
  region size 1024K, 3 young (3072K), 3 survivors (3072K)
 Metaspace       used 120473K, committed 121600K, reserved 1179648K
  class space    used 16211K, committed 16704K, reserved 1048576K
}
Event: 1413.918 GC heap before
{Heap before GC invocations=35 (full 0):
 garbage-first heap   total 89088K, used 78449K [0x0000000091000000, 0x0000000100000000)
  region size 1024K, 29 young (29696K), 3 survivors (3072K)
 Metaspace       used 120701K, committed 121856K, reserved 1179648K
  class space    used 16214K, committed 16704K, reserved 1048576K
}
Event: 1414.062 GC heap after
{Heap after GC invocations=36 (full 0):
 garbage-first heap   total 107520K, used 52090K [0x0000000091000000, 0x0000000100000000)
  region size 1024K, 1 young (1024K), 1 survivors (1024K)
 Metaspace       used 120701K, committed 121856K, reserved 1179648K
  class space    used 16214K, committed 16704K, reserved 1048576K
}
Event: 2240.072 GC heap before
{Heap before GC invocations=36 (full 0):
 garbage-first heap   total 107520K, used 100218K [0x0000000091000000, 0x0000000100000000)
  region size 1024K, 49 young (50176K), 1 survivors (1024K)
 Metaspace       used 121709K, committed 122816K, reserved 1179648K
  class space    used 16268K, committed 16768K, reserved 1048576K
}
Event: 2240.180 GC heap after
{Heap after GC invocations=37 (full 0):
 garbage-first heap   total 107520K, used 53196K [0x0000000091000000, 0x0000000100000000)
  region size 1024K, 3 young (3072K), 3 survivors (3072K)
 Metaspace       used 121709K, committed 122816K, reserved 1179648K
  class space    used 16268K, committed 16768K, reserved 1048576K
}

Dll operation events (14 events):
Event: 0.037 Loaded shared library C:\Users\mateb\.jdks\corretto-21.0.10\bin\java.dll
Event: 0.408 Loaded shared library C:\Users\mateb\.jdks\corretto-21.0.10\bin\jsvml.dll
Event: 1.066 Loaded shared library C:\Users\mateb\.jdks\corretto-21.0.10\bin\zip.dll
Event: 1.085 Loaded shared library C:\Users\mateb\.jdks\corretto-21.0.10\bin\instrument.dll
Event: 1.129 Loaded shared library C:\Users\mateb\.jdks\corretto-21.0.10\bin\net.dll
Event: 1.138 Loaded shared library C:\Users\mateb\.jdks\corretto-21.0.10\bin\nio.dll
Event: 1.148 Loaded shared library C:\Users\mateb\.jdks\corretto-21.0.10\bin\zip.dll
Event: 2.088 Loaded shared library C:\Program Files\JetBrains\IntelliJ IDEA 2023.1.3\bin\breakgen64.dll
Event: 2.113 Loaded shared library C:\Users\mateb\.jdks\corretto-21.0.10\bin\extnet.dll
Event: 2.181 Loaded shared library C:\Users\mateb\.jdks\corretto-21.0.10\bin\jimage.dll
Event: 8.561 Loaded shared library C:\Users\mateb\.jdks\corretto-21.0.10\bin\sunmscapi.dll
Event: 15.057 Loaded shared library C:\Users\mateb\.jdks\corretto-21.0.10\bin\management.dll
Event: 15.064 Loaded shared library C:\Users\mateb\.jdks\corretto-21.0.10\bin\management_ext.dll
Event: 25.145 Loaded shared library C:\Users\mateb\.jdks\corretto-21.0.10\bin\verify.dll

Deoptimization events (20 events):
Event: 2243.576 Thread 0x00000273950eeda0 Uncommon trap: trap_request=0xffffff45 fr.pc=0x000002733de9bc4c relative=0x000000000000010c
Event: 2243.576 Thread 0x00000273950eeda0 Uncommon trap: reason=unstable_if action=reinterpret pc=0x000002733de9bc4c method=com.fasterxml.jackson.databind.introspect.AnnotationMap.hasOneOf([Ljava/lang/Class;)Z @ 27 c2
Event: 2243.576 Thread 0x00000273950eeda0 DEOPT PACKING pc=0x000002733de9bc4c sp=0x000000be871f7600
Event: 2243.576 Thread 0x00000273950eeda0 DEOPT UNPACKING pc=0x000002733d284422 sp=0x000000be871f7590 mode 2
Event: 2243.705 Thread 0x00000273950eeda0 Uncommon trap: trap_request=0xffffffde fr.pc=0x000002733ded3318 relative=0x00000000000013b8
Event: 2243.705 Thread 0x00000273950eeda0 Uncommon trap: reason=class_check action=maybe_recompile pc=0x000002733ded3318 method=com.fasterxml.jackson.databind.introspect.AnnotationMap.merge(Lcom/fasterxml/jackson/databind/introspect/AnnotationMap;Lcom/fasterxml/jackson/databind/introspect/Annotat
Event: 2243.705 Thread 0x00000273950eeda0 DEOPT PACKING pc=0x000002733ded3318 sp=0x000000be871f73b0
Event: 2243.705 Thread 0x00000273950eeda0 DEOPT UNPACKING pc=0x000002733d284422 sp=0x000000be871f72f0 mode 2
Event: 2243.706 Thread 0x00000273950eeda0 Uncommon trap: trap_request=0xffffff45 fr.pc=0x000002733dae9cfc relative=0x000000000000025c
Event: 2243.706 Thread 0x00000273950eeda0 Uncommon trap: reason=unstable_if action=reinterpret pc=0x000002733dae9cfc method=java.lang.AbstractStringBuilder.appendChars([CII)V @ 43 c2
Event: 2243.706 Thread 0x00000273950eeda0 DEOPT PACKING pc=0x000002733dae9cfc sp=0x000000be871f8720
Event: 2243.706 Thread 0x00000273950eeda0 DEOPT UNPACKING pc=0x000002733d284422 sp=0x000000be871f8698 mode 2
Event: 2243.709 Thread 0x00000273950eeda0 Uncommon trap: trap_request=0xffffff45 fr.pc=0x000002733ddd1fec relative=0x000000000000028c
Event: 2243.709 Thread 0x00000273950eeda0 Uncommon trap: reason=unstable_if action=reinterpret pc=0x000002733ddd1fec method=java.lang.String.encodeUTF8(B[BZ)[B @ 2 c2
Event: 2243.709 Thread 0x00000273950eeda0 DEOPT PACKING pc=0x000002733ddd1fec sp=0x000000be871f8940
Event: 2243.709 Thread 0x00000273950eeda0 DEOPT UNPACKING pc=0x000002733d284422 sp=0x000000be871f8840 mode 2
Event: 2360.579 Thread 0x00000273950f2220 Uncommon trap: trap_request=0xffffff45 fr.pc=0x000002733ddee41c relative=0x0000000000000bdc
Event: 2360.580 Thread 0x00000273950f2220 Uncommon trap: reason=unstable_if action=reinterpret pc=0x000002733ddee41c method=java.util.concurrent.ConcurrentLinkedQueue.poll()Ljava/lang/Object; @ 73 c2
Event: 2360.580 Thread 0x00000273950f2220 DEOPT PACKING pc=0x000002733ddee41c sp=0x000000be885fea00
Event: 2360.580 Thread 0x00000273950f2220 DEOPT UNPACKING pc=0x000002733d284422 sp=0x000000be885fe930 mode 2

Classes loaded (20 events):
Event: 2237.167 Loading class java/util/Collections$SynchronizedSortedMap
Event: 2237.174 Loading class java/util/Collections$SynchronizedSortedMap done
Event: 2237.212 Loading class java/util/TreeMap$EntrySpliterator
Event: 2237.218 Loading class java/util/TreeMap$EntrySpliterator done
Event: 2240.659 Loading class java/text/CharacterIterator
Event: 2240.661 Loading class java/text/CharacterIterator done
Event: 2240.666 Loading class java/text/StringCharacterIterator
Event: 2240.668 Loading class java/text/StringCharacterIterator done
Event: 2241.807 Loading class java/util/package-info
Event: 2241.807 Loading class java/util/package-info done
Event: 2241.850 Loading class java/lang/package-info
Event: 2241.850 Loading class java/lang/package-info done
Event: 2242.122 Loading class java/util/stream/ReduceOps$4
Event: 2242.123 Loading class java/util/stream/ReduceOps$4 done
Event: 2242.123 Loading class java/util/stream/ReduceOps$4ReducingSink
Event: 2242.124 Loading class java/util/stream/ReduceOps$4ReducingSink done
Event: 2242.277 Loading class java/time/DayOfWeek
Event: 2242.278 Loading class java/time/DayOfWeek done
Event: 2242.287 Loading class java/time/package-info
Event: 2242.287 Loading class java/time/package-info done

Classes unloaded (0 events):
No events

Classes redefined (0 events):
No events

Internal exceptions (20 events):
Event: 377.192 Thread 0x00000273950eeda0 Exception <a 'java/lang/NoSuchMethodError'{0x0000000094d5c260}: 'java.lang.Object java.lang.invoke.DirectMethodHandle$Holder.newInvokeSpecial(java.lang.Object, java.lang.Object, int, int)'> (0x0000000094d5c260) 
thrown [s\src\hotspot\share\interpreter\linkResolver.cpp, line 773]
Event: 377.233 Thread 0x00000273950eeda0 Exception <a 'java/lang/NoSuchMethodError'{0x0000000094da7190}: 'void java.lang.invoke.DirectMethodHandle$Holder.invokeStatic(java.lang.Object, java.lang.Object, int, int, java.lang.Object)'> (0x0000000094da7190) 
thrown [s\src\hotspot\share\interpreter\linkResolver.cpp, line 773]
Event: 377.252 Thread 0x00000273950eeda0 Exception <a 'java/lang/NoSuchMethodError'{0x0000000094ddc490}: 'void java.lang.invoke.DirectMethodHandle$Holder.invokeSpecialIFC(java.lang.Object, java.lang.Object, int, java.lang.Object, java.lang.Object, java.lang.Object, java.lang.Object)'> (0x0000000094ddc490) 
thrown [s\src\hotspot\share\interpreter\linkResolver.cpp, line 773]
Event: 377.653 Thread 0x00000273950eeda0 Exception <a 'java/lang/NoSuchMethodError'{0x0000000094aaab78}: 'java.lang.Object java.lang.invoke.DirectMethodHandle$Holder.newInvokeSpecial(java.lang.Object, java.lang.Object, java.lang.Object, long)'> (0x0000000094aaab78) 
thrown [s\src\hotspot\share\interpreter\linkResolver.cpp, line 773]
Event: 377.654 Thread 0x00000273950eeda0 Exception <a 'java/lang/NoSuchMethodError'{0x0000000094aaf3e0}: 'java.lang.Object java.lang.invoke.DirectMethodHandle$Holder.invokeSpecial(java.lang.Object, java.lang.Object, java.lang.Object, java.lang.Object, long)'> (0x0000000094aaf3e0) 
thrown [s\src\hotspot\share\interpreter\linkResolver.cpp, line 773]
Event: 377.655 Thread 0x00000273950eeda0 Exception <a 'java/lang/NoSuchMethodError'{0x0000000094ab35c8}: 'java.lang.Object java.lang.invoke.Invokers$Holder.linkToTargetMethod(java.lang.Object, java.lang.Object, long, java.lang.Object)'> (0x0000000094ab35c8) 
thrown [s\src\hotspot\share\interpreter\linkResolver.cpp, line 773]
Event: 381.093 Thread 0x00000273950eeda0 Exception <a 'java/lang/NoSuchMethodError'{0x0000000095d12368}: 'void java.lang.invoke.DirectMethodHandle$Holder.invokeStatic(java.lang.Object, java.lang.Object, java.lang.Object, java.lang.Object, java.lang.Object, java.lang.Object, java.lang.Object)'> (0x0000000095d12368) 
thrown [s\src\hotspot\share\interpreter\linkResolver.cpp, line 773]
Event: 381.093 Thread 0x00000273950f07e0 Exception <a 'java/lang/NoSuchMethodError'{0x0000000095d485c0}: 'void java.lang.invoke.DirectMethodHandle$Holder.invokeStatic(java.lang.Object, java.lang.Object, java.lang.Object, java.lang.Object, java.lang.Object, java.lang.Object, java.lang.Object)'> (0x0000000095d485c0) 
thrown [s\src\hotspot\share\interpreter\linkResolver.cpp, line 773]
Event: 381.161 Thread 0x00000273950eeda0 Implicit null exception at 0x000002733d84f98b to 0x000002733d84fa0c
Event: 381.791 Thread 0x0000027393a0ca70 Exception <a 'java/lang/NoSuchMethodError'{0x0000000095cef8f8}: 'java.lang.Object java.lang.invoke.DirectMethodHandle$Holder.newInvokeSpecial(java.lang.Object, java.lang.Object, long, java.lang.Object, java.lang.Object, java.lang.Object)'> (0x0000000095cef8f8) 
thrown [s\src\hotspot\share\interpreter\linkResolver.cpp, line 773]
Event: 381.792 Thread 0x0000027393a0ca70 Exception <a 'java/lang/NoSuchMethodError'{0x0000000095cf7270}: 'java.lang.Object java.lang.invoke.Invokers$Holder.linkToTargetMethod(java.lang.Object, long, java.lang.Object, java.lang.Object, java.lang.Object, java.lang.Object)'> (0x0000000095cf7270) 
thrown [s\src\hotspot\share\interpreter\linkResolver.cpp, line 773]
Event: 382.352 Thread 0x00000273925fc6e0 Exception <a 'java/net/ConnectException'{0x0000000095cbc000}: Connection timed out: getsockopt> (0x0000000095cbc000) 
thrown [s\src\hotspot\share\prims\jni.cpp, line 539]
Event: 382.559 Thread 0x00000273950eeda0 Exception <a 'java/io/IOException'{0x0000000095a8f580}> (0x0000000095a8f580) 
thrown [s\src\hotspot\share\prims\jni.cpp, line 520]
Event: 382.838 Thread 0x00000273950eccd0 Implicit null exception at 0x000002733db651a2 to 0x000002733db655a8
Event: 401.573 Thread 0x00000273950ee080 Implicit null exception at 0x000002733db44722 to 0x000002733db44b18
Event: 401.744 Thread 0x00000273950ed360 Exception <a 'java/lang/NoSuchMethodError'{0x000000009577a990}: 'java.lang.Object java.lang.invoke.DirectMethodHandle$Holder.invokeInterface(java.lang.Object, java.lang.Object, java.lang.Object, java.lang.Object, java.lang.Object)'> (0x000000009577a990) 
thrown [s\src\hotspot\share\interpreter\linkResolver.cpp, line 773]
Event: 889.354 Thread 0x00000273925fc6e0 Exception <a 'java/net/ConnectException'{0x00000000fff4b668}: Connection timed out: getsockopt> (0x00000000fff4b668) 
thrown [s\src\hotspot\share\prims\jni.cpp, line 539]
Event: 2234.483 Thread 0x00000273950f0150 Exception <a 'java/lang/NoSuchMethodError'{0x000000009501dcf8}: 'java.lang.Object java.lang.invoke.DirectMethodHandle$Holder.invokeStatic(java.lang.Object, int, int)'> (0x000000009501dcf8) 
thrown [s\src\hotspot\share\interpreter\linkResolver.cpp, line 773]
Event: 2237.041 Thread 0x00000273950efac0 Implicit null exception at 0x000002733dd969a7 to 0x000002733dd96ef8
Event: 2243.566 Thread 0x00000273950eeda0 Implicit null exception at 0x000002733dd9477d to 0x000002733dd9490c

ZGC Phase Switch (0 events):
No events

VM Operations (20 events):
Event: 2345.558 Executing non-safepoint VM operation: RendezvousGCThreads
Event: 2345.558 Executing non-safepoint VM operation: RendezvousGCThreads done
Event: 2366.696 Executing safepoint VM operation: Cleanup
Event: 2366.708 Executing safepoint VM operation: Cleanup done
Event: 2377.783 Executing safepoint VM operation: Cleanup
Event: 2377.783 Executing safepoint VM operation: Cleanup done
Event: 2378.786 Executing safepoint VM operation: Cleanup
Event: 2378.786 Executing safepoint VM operation: Cleanup done
Event: 2392.914 Executing safepoint VM operation: Cleanup
Event: 2392.915 Executing safepoint VM operation: Cleanup done
Event: 2405.739 Executing non-safepoint VM operation: HandshakeAllThreads (HandshakeForDeflation)
Event: 2405.739 Executing non-safepoint VM operation: HandshakeAllThreads (HandshakeForDeflation) done
Event: 2405.740 Executing non-safepoint VM operation: RendezvousGCThreads
Event: 2405.740 Executing non-safepoint VM operation: RendezvousGCThreads done
Event: 2450.094 Executing safepoint VM operation: Cleanup
Event: 2450.094 Executing safepoint VM operation: Cleanup done
Event: 2465.915 Executing non-safepoint VM operation: HandshakeAllThreads (HandshakeForDeflation)
Event: 2465.916 Executing non-safepoint VM operation: HandshakeAllThreads (HandshakeForDeflation) done
Event: 2465.916 Executing non-safepoint VM operation: RendezvousGCThreads
Event: 2465.916 Executing non-safepoint VM operation: RendezvousGCThreads done

Memory protections (0 events):
No events

Nmethod flushes (20 events):
Event: 777.964 Thread 0x0000027349d0bd10 flushing  nmethod 0x000002733d91fc90
Event: 777.965 Thread 0x0000027349d0bd10 flushing  nmethod 0x000002733d923410
Event: 777.965 Thread 0x0000027349d0bd10 flushing  nmethod 0x000002733da75a10
Event: 777.965 Thread 0x0000027349d0bd10 flushing  nmethod 0x000002733da7ab90
Event: 777.966 Thread 0x0000027349d0bd10 flushing  nmethod 0x000002733dcd9210
Event: 777.966 Thread 0x0000027349d0bd10 flushing  nmethod 0x000002733dcea310
Event: 777.966 Thread 0x0000027349d0bd10 flushing  nmethod 0x000002733dceab90
Event: 777.966 Thread 0x0000027349d0bd10 flushing  nmethod 0x0000027335d7f490
Event: 777.968 Thread 0x0000027349d0bd10 flushing  nmethod 0x0000027335de3910
Event: 777.968 Thread 0x0000027349d0bd10 flushing  nmethod 0x0000027335e5b610
Event: 777.968 Thread 0x0000027349d0bd10 flushing  nmethod 0x0000027335ead090
Event: 777.968 Thread 0x0000027349d0bd10 flushing  nmethod 0x0000027335f08190
Event: 777.968 Thread 0x0000027349d0bd10 flushing  nmethod 0x0000027335f0f210
Event: 777.968 Thread 0x0000027349d0bd10 flushing  nmethod 0x0000027335f40d90
Event: 777.969 Thread 0x0000027349d0bd10 flushing  nmethod 0x0000027335f59a90
Event: 777.969 Thread 0x0000027349d0bd10 flushing  nmethod 0x0000027335fce310
Event: 777.969 Thread 0x0000027349d0bd10 flushing  nmethod 0x0000027336009910
Event: 777.969 Thread 0x0000027349d0bd10 flushing  nmethod 0x00000273364b5d90
Event: 777.969 Thread 0x0000027349d0bd10 flushing  nmethod 0x00000273366a7310
Event: 777.970 Thread 0x0000027349d0bd10 flushing  nmethod 0x00000273367e8b10

Events (20 events):
Event: 1872.782 Thread 0x0000027393a0d100 Thread exited: 0x0000027393a0d100
Event: 1874.526 Thread 0x0000027393a0ca70 Thread exited: 0x0000027393a0ca70
Event: 1874.581 Thread 0x0000027393a0eb40 Thread exited: 0x0000027393a0eb40
Event: 1874.581 Thread 0x0000027393a0d790 Thread exited: 0x0000027393a0d790
Event: 1874.600 Thread 0x0000027393a0b6c0 Thread exited: 0x0000027393a0b6c0
Event: 1892.486 Thread 0x00000273950f0e70 Thread added: 0x0000027393a0eb40
Event: 1892.533 Thread 0x00000273925fc6e0 Thread added: 0x0000027393a0d790
Event: 1892.939 Thread 0x00000273925fc6e0 Thread added: 0x0000027393a0b6c0
Event: 1952.944 Thread 0x0000027393a0eb40 Thread exited: 0x0000027393a0eb40
Event: 1952.953 Thread 0x0000027393a112a0 Thread exited: 0x0000027393a112a0
Event: 1952.953 Thread 0x0000027393a0d790 Thread exited: 0x0000027393a0d790
Event: 1952.953 Thread 0x0000027393a0b6c0 Thread exited: 0x0000027393a0b6c0
Event: 2240.240 Thread 0x00000273950eeda0 Thread added: 0x0000027393a0ca70
Event: 2240.248 Thread 0x00000273950eeda0 Thread added: 0x0000027393a0d100
Event: 2240.249 Thread 0x00000273950eeda0 Thread added: 0x0000027393a0d790
Event: 2242.587 Thread 0x0000027349d43280 Thread added: 0x0000027390db20c0
Event: 2247.668 Thread 0x0000027390db20c0 Thread exited: 0x0000027390db20c0
Event: 2300.252 Thread 0x0000027393a0d790 Thread exited: 0x0000027393a0d790
Event: 2360.266 Thread 0x0000027393a0d100 Thread exited: 0x0000027393a0d100
Event: 2420.296 Thread 0x0000027393a0ca70 Thread exited: 0x0000027393a0ca70


Dynamic libraries:
0x00007ff7d6750000 - 0x00007ff7d675e000 	C:\Users\mateb\.jdks\corretto-21.0.10\bin\java.exe
0x00007ff9021c0000 - 0x00007ff902427000 	C:\WINDOWS\SYSTEM32\ntdll.dll
0x00007ff901780000 - 0x00007ff901849000 	C:\WINDOWS\System32\KERNEL32.DLL
0x00007ff8feac0000 - 0x00007ff8feeb4000 	C:\WINDOWS\System32\KERNELBASE.dll
0x00007ff8ff8b0000 - 0x00007ff8ff9fb000 	C:\WINDOWS\System32\ucrtbase.dll
0x00007ff8965e0000 - 0x00007ff8965fe000 	C:\Users\mateb\.jdks\corretto-21.0.10\bin\VCRUNTIME140.dll
0x00007ff898cd0000 - 0x00007ff898ce8000 	C:\Users\mateb\.jdks\corretto-21.0.10\bin\jli.dll
0x00007ff9005c0000 - 0x00007ff900785000 	C:\WINDOWS\System32\USER32.dll
0x00007ff8fea90000 - 0x00007ff8feab7000 	C:\WINDOWS\System32\win32u.dll
0x00007ff900300000 - 0x00007ff90032b000 	C:\WINDOWS\System32\GDI32.dll
0x00007ff8ffcb0000 - 0x00007ff8ffddb000 	C:\WINDOWS\System32\gdi32full.dll
0x00007ff8ffa00000 - 0x00007ff8ffaa3000 	C:\WINDOWS\System32\msvcp_win.dll
0x00007ff8d2db0000 - 0x00007ff8d3043000 	C:\WINDOWS\WinSxS\amd64_microsoft.windows.common-controls_6595b64144ccf1df_6.0.26100.8115_none_3e075c82e3354f9c\COMCTL32.dll
0x00007ff9019b0000 - 0x00007ff901a59000 	C:\WINDOWS\System32\msvcrt.dll
0x00007ff901c20000 - 0x00007ff901c52000 	C:\WINDOWS\System32\IMM32.DLL
0x00007ff8b2f20000 - 0x00007ff8b2f2c000 	C:\Users\mateb\.jdks\corretto-21.0.10\bin\vcruntime140_1.dll
0x00007ff887190000 - 0x00007ff887219000 	C:\Users\mateb\.jdks\corretto-21.0.10\bin\msvcp140.dll
0x00007ff862720000 - 0x00007ff8634c8000 	C:\Users\mateb\.jdks\corretto-21.0.10\bin\server\jvm.dll
0x00007ff901d20000 - 0x00007ff901dd6000 	C:\WINDOWS\System32\ADVAPI32.dll
0x00007ff900380000 - 0x00007ff900427000 	C:\WINDOWS\System32\sechost.dll
0x00007ff901fc0000 - 0x00007ff9020d8000 	C:\WINDOWS\System32\RPCRT4.dll
0x00007ff900530000 - 0x00007ff9005b0000 	C:\WINDOWS\System32\WS2_32.dll
0x00007ff8fe910000 - 0x00007ff8fe96e000 	C:\WINDOWS\SYSTEM32\POWRPROF.dll
0x00007ff8fbdf0000 - 0x00007ff8fbe26000 	C:\WINDOWS\SYSTEM32\WINMM.dll
0x00007ff8f85f0000 - 0x00007ff8f85fb000 	C:\WINDOWS\SYSTEM32\VERSION.dll
0x00007ff8fe8d0000 - 0x00007ff8fe8e4000 	C:\WINDOWS\SYSTEM32\UMPDC.dll
0x00007ff8fd800000 - 0x00007ff8fd81b000 	C:\WINDOWS\SYSTEM32\kernel.appcore.dll
0x00007ff8b2e70000 - 0x00007ff8b2e7a000 	C:\Users\mateb\.jdks\corretto-21.0.10\bin\jimage.dll
0x00007ff8fc6b0000 - 0x00007ff8fc8f2000 	C:\WINDOWS\SYSTEM32\DBGHELP.DLL
0x00007ff8fff70000 - 0x00007ff9002f2000 	C:\WINDOWS\System32\combase.dll
0x00007ff9016a0000 - 0x00007ff901778000 	C:\WINDOWS\System32\OLEAUT32.dll
0x00007ff8ee3b0000 - 0x00007ff8ee3eb000 	C:\WINDOWS\SYSTEM32\dbgcore.DLL
0x00007ff8ffab0000 - 0x00007ff8ffb55000 	C:\WINDOWS\System32\bcryptPrimitives.dll
0x00007ff8c67b0000 - 0x00007ff8c67c0000 	C:\Users\mateb\.jdks\corretto-21.0.10\bin\instrument.dll
0x00007ff893770000 - 0x00007ff893791000 	C:\Users\mateb\.jdks\corretto-21.0.10\bin\java.dll
0x00007ff9007a0000 - 0x00007ff900f07000 	C:\WINDOWS\System32\SHELL32.dll
0x00007ff8ffde0000 - 0x00007ff8fff4a000 	C:\WINDOWS\System32\wintypes.dll
0x00007ff8ff040000 - 0x00007ff8ff8a8000 	C:\WINDOWS\System32\windows.storage.dll
0x00007ff9018b0000 - 0x00007ff9019a8000 	C:\WINDOWS\System32\SHCORE.dll
0x00007ff901a60000 - 0x00007ff901ac6000 	C:\WINDOWS\System32\shlwapi.dll
0x00007ff8fe9b0000 - 0x00007ff8fe9d9000 	C:\WINDOWS\SYSTEM32\profapi.dll
0x00007ff883fb0000 - 0x00007ff884087000 	C:\Users\mateb\.jdks\corretto-21.0.10\bin\jsvml.dll
0x00007ff892a40000 - 0x00007ff892a58000 	C:\Users\mateb\.jdks\corretto-21.0.10\bin\zip.dll
0x00007ff895a80000 - 0x00007ff895a91000 	C:\Users\mateb\.jdks\corretto-21.0.10\bin\net.dll
0x00007ff8f4e60000 - 0x00007ff8f4f8d000 	C:\WINDOWS\SYSTEM32\WINHTTP.dll
0x00007ff8fdd90000 - 0x00007ff8fddfc000 	C:\WINDOWS\system32\mswsock.dll
0x00007ff893930000 - 0x00007ff893946000 	C:\Users\mateb\.jdks\corretto-21.0.10\bin\nio.dll
0x00007ff8c6500000 - 0x00007ff8c651a000 	C:\Program Files\JetBrains\IntelliJ IDEA 2023.1.3\bin\breakgen64.dll
0x00007ff899130000 - 0x00007ff899139000 	C:\Users\mateb\.jdks\corretto-21.0.10\bin\extnet.dll
0x00007ff8c67e0000 - 0x00007ff8c67ee000 	C:\Users\mateb\.jdks\corretto-21.0.10\bin\sunmscapi.dll
0x00007ff8feec0000 - 0x00007ff8ff037000 	C:\WINDOWS\System32\CRYPT32.dll
0x00007ff8fe290000 - 0x00007ff8fe2c0000 	C:\WINDOWS\SYSTEM32\ncrypt.dll
0x00007ff8fe240000 - 0x00007ff8fe27f000 	C:\WINDOWS\SYSTEM32\NTASN1.dll
0x00007ff8fe070000 - 0x00007ff8fe08b000 	C:\WINDOWS\SYSTEM32\CRYPTSP.dll
0x00007ff8fd760000 - 0x00007ff8fd799000 	C:\WINDOWS\system32\rsaenh.dll
0x00007ff8fde40000 - 0x00007ff8fde73000 	C:\WINDOWS\SYSTEM32\USERENV.dll
0x00007ff8fe980000 - 0x00007ff8fe9aa000 	C:\WINDOWS\SYSTEM32\bcrypt.dll
0x00007ff8fe090000 - 0x00007ff8fe09c000 	C:\WINDOWS\SYSTEM32\CRYPTBASE.dll
0x00007ff8fd1c0000 - 0x00007ff8fd1f2000 	C:\WINDOWS\SYSTEM32\IPHLPAPI.DLL
0x00007ff902170000 - 0x00007ff90217a000 	C:\WINDOWS\System32\NSI.dll
0x00007ff8a0380000 - 0x00007ff8a038a000 	C:\Users\mateb\.jdks\corretto-21.0.10\bin\management.dll
0x00007ff89feb0000 - 0x00007ff89febc000 	C:\Users\mateb\.jdks\corretto-21.0.10\bin\management_ext.dll
0x00007ff9020e0000 - 0x00007ff9020e8000 	C:\WINDOWS\System32\PSAPI.DLL
0x00007ff8fd250000 - 0x00007ff8fd382000 	C:\WINDOWS\SYSTEM32\DNSAPI.dll
0x00007ff8f75e0000 - 0x00007ff8f75eb000 	C:\Windows\System32\rasadhlp.dll
0x00007ff8f4080000 - 0x00007ff8f4106000 	C:\WINDOWS\System32\fwpuclnt.dll
0x00007ff896b40000 - 0x00007ff896b50000 	C:\Users\mateb\.jdks\corretto-21.0.10\bin\verify.dll
0x00007ff8d05f0000 - 0x00007ff8d05f8000 	C:\WINDOWS\system32\wshunix.dll

JVMTI agents:
C:\Program Files\JetBrains\IntelliJ IDEA 2023.1.3\lib\idea_rt.jar path:C:\Users\mateb\.jdks\corretto-21.0.10\bin\instrument.dll, loaded, initialized, instrumentlib options:28226:C:\Program Files\JetBrains\IntelliJ IDEA 2023.1.3\bin

dbghelp: loaded successfully - version: 4.0.5 - missing functions: none
symbol engine: initialized successfully - sym options: 0x614 - pdb path: .;C:\Users\mateb\.jdks\corretto-21.0.10\bin;C:\WINDOWS\SYSTEM32;C:\WINDOWS\WinSxS\amd64_microsoft.windows.common-controls_6595b64144ccf1df_6.0.26100.8115_none_3e075c82e3354f9c;C:\Users\mateb\.jdks\corretto-21.0.10\bin\server;C:\Program Files\JetBrains\IntelliJ IDEA 2023.1.3\bin

VM Arguments:
jvm_args: -javaagent:C:\Program Files\JetBrains\IntelliJ IDEA 2023.1.3\lib\idea_rt.jar=28226:C:\Program Files\JetBrains\IntelliJ IDEA 2023.1.3\bin -Dfile.encoding=UTF-8 -Dsun.stdout.encoding=UTF-8 -Dsun.stderr.encoding=UTF-8 
java_command: com.trustflow.compliance_auth_service.ComplianceAuthServiceApplication
java_class_path (initial): C:\trustflow-backend\compliance-auth-service\target\classes;C:\Users\mateb\.m2\repository\org\springframework\boot\spring-boot-starter-actuator\4.0.0\spring-boot-starter-actuator-4.0.0.jar;C:\Users\mateb\.m2\repository\org\springframework\boot\spring-boot-starter\4.0.0\spring-boot-starter-4.0.0.jar;C:\Users\mateb\.m2\repository\org\springframework\boot\spring-boot-starter-logging\4.0.0\spring-boot-starter-logging-4.0.0.jar;C:\Users\mateb\.m2\repository\ch\qos\logback\logback-classic\1.5.21\logback-classic-1.5.21.jar;C:\Users\mateb\.m2\repository\ch\qos\logback\logback-core\1.5.21\logback-core-1.5.21.jar;C:\Users\mateb\.m2\repository\org\apache\logging\log4j\log4j-to-slf4j\2.25.2\log4j-to-slf4j-2.25.2.jar;C:\Users\mateb\.m2\repository\org\apache\logging\log4j\log4j-api\2.25.2\log4j-api-2.25.2.jar;C:\Users\mateb\.m2\repository\org\slf4j\jul-to-slf4j\2.0.17\jul-to-slf4j-2.0.17.jar;C:\Users\mateb\.m2\repository\org\springframework\boot\spring-boot-autoconfigure\4.0.0\spring-boot-autoconfigure-4.0.0.jar;C:\Users\mateb\.m2\repository\jakarta\annotation\jakarta.annotation-api\3.0.0\jakarta.annotation-api-3.0.0.jar;C:\Users\mateb\.m2\repository\org\yaml\snakeyaml\2.5\snakeyaml-2.5.jar;C:\Users\mateb\.m2\repository\org\springframework\boot\spring-boot-starter-micrometer-metrics\4.0.0\spring-boot-starter-micrometer-metrics-4.0.0.jar;C:\Users\mateb\.m2\repository\org\springframework\boot\spring-boot-micrometer-metrics\4.0.0\spring-boot-micrometer-metrics-4.0.0.jar;C:\Users\mateb\.m2\repository\org\springframework\boot\spring-boot-micrometer-observation\4.0.0\spring-boot-micrometer-observation-4.0.0.jar;C:\Users\mateb\.m2\repository\org\springframework\boot\spring-boot-actuator-autoconfigure\4.0.0\spring-boot-actuator-autoconfigure-4.0.0.jar;C:\Users\mateb\.m2\repository\org\springframework\boot\spring-boot-actuator\4.0.0\spring-boot-actuator-4.0.0.jar;C:\Users\mateb\.m2\repository\org\springframework\boot\spring-boot-health\4.0.0\spring-boot-health-4.0.0.jar;C:\Users\mateb\.m2\repository\org\springframework\boot\spring-boot\4.0.0\spring-boot-4.0.0.jar;C:\Users\mateb\.m2\repository\io\micrometer\micrometer-observation\1.16.0\micrometer-observation-1.16.0.jar;C:\Users\mateb\.m2\repository\org\jspecify\jspecify\1.0.0\jspecify-1.0.0.jar;C:\Users\mateb\.m2\repository\io\micrometer\micrometer-commons\1.16.0\micrometer-commons-1.16.0.jar;C:\Users\mateb\.m2\repository\io\micrometer\micrometer-jakarta9\1.16.0\micrometer-jakarta9-1.16.0.jar;C:\Users\mateb\.m2\repository\io\micrometer\micrometer-core\1.16.0\micrometer-core-1.16.0.jar;C:\Users\mateb\.m2\repository\org\hdrhistogram\HdrHistogram\2.2.2\HdrHistogram-2.2.2.jar;C:\Users\mateb\.m2\repository\org\latencyutils\LatencyUtils\2.0.3\LatencyUtils-2.0.3.jar;C:\Users\mateb\.m2\repository\org\springframework\boot\spring-boot-starter-data-jpa\4.0.0\spring-boot-starter-data-jpa-4.0.0.jar;C:\Users\mateb\.m2\repository\org\springframework\boot\spring-boot-starter-jdbc\4.0.0\spring-boot-starter-jdbc-4.0.0.jar;C:\Users\mateb\.m2\repository\com\zaxxer\HikariCP\7.0.2\HikariCP-7.0.2.jar;C:\Users\mateb\.m2\repository\org\springframework\boot\spring-boot-data-jpa\4.0.0\spring-boot-data-jpa-4.0.0.jar;C:\Users\mateb\.m2\repository\org\springframework\boot\spring-boot-data-commons\4.0.0\spring-boot-data-commons-4.0.0.jar;C:\Users\mateb\.m2\repository\org\springframework\boot\spring-boot-persistence\4.0.0\spring-boot-persistence-4.0.0.jar;C:\Users\mateb\.m2\repository\org\springframework\data\spring-data-commons\4.0.0\spring-data-commons-4.0.0.jar;C:\Users\mateb\.m2\repository\org\springframework\boot\spring-boot-hibernate\4.0.0\spring-boot-hibernate-4.0.0.jar;C:\Users\mateb\.m2\repository\org\springframework\boot\spring-boot-jpa\4.0.0\spring-boot-jpa-4.0.0.jar;C:\Users\mateb\.m2\repository\jakarta\persistence\jakarta.persistence-api\3.2.0\jakarta.persistence-api-3.2.0.jar;C:\Users\mateb\.m2\repository\org\hibernate\orm\hibernate-core\7.1.8.Final\hibernate-core-7.1.8.Final.jar;C:\Users\mateb\.m2\repository\jakarta\transaction\jakarta.transaction-api\2.0.1\jakarta.transaction-api-2.0.1.jar;C:\Users\mateb\.m2\repository\org\hibernate\models\hibernate-models\1.0.1\hibernate-models-1.0.1.jar;C:\Users\mateb\.m2\repository\org\glassfish\jaxb\jaxb-runtime\4.0.6\jaxb-runtime-4.0.6.jar;C:\Users\mateb\.m2\repository\org\glassfish\jaxb\jaxb-core\4.0.6\jaxb-core-4.0.6.jar;C:\Users\mateb\.m2\repository\org\eclipse\angus\angus-activation\2.0.3\angus-activation-2.0.3.jar;C:\Users\mateb\.m2\repository\org\glassfish\jaxb\txw2\4.0.6\txw2-4.0.6.jar;C:\Users\mateb\.m2\repository\com\sun\istack\istack-commons-runtime\4.1.2\istack-commons-runtime-4.1.2.jar;C:\Users\mateb\.m2\repository\jakarta\inject\jakarta.inject-api\2.0.1\jakarta.inject-api-2.0.1.jar;C:\Users\mateb\.m2\repository\org\springframework\spring-orm\7.0.1\spring-orm-7.0.1.jar;C:\Users\mateb\.m2\repository\org\springframework\data\spring-data-jpa\4.0.0\spring-data-jpa-4.0.0.jar;C:\Users\mateb\.m2\repository\org\antlr\antlr4-runtime\4.13.2\antlr4-runtime-4.13.2.jar;C:\Users\mateb\.m2\repository\org\springframework\spring-aspects\7.0.1\spring-aspects-7.0.1.jar;C:\Users\mateb\.m2\repository\org\aspectj\aspectjweaver\1.9.25\aspectjweaver-1.9.25.jar;C:\Users\mateb\.m2\repository\org\springframework\boot\spring-boot-jdbc\4.0.0\spring-boot-jdbc-4.0.0.jar;C:\Users\mateb\.m2\repository\org\springframework\boot\spring-boot-sql\4.0.0\spring-boot-sql-4.0.0.jar;C:\Users\mateb\.m2\repository\org\springframework\boot\spring-boot-transaction\4.0.0\spring-boot-transaction-4.0.0.jar;C:\Users\mateb\.m2\repository\org\springframework\spring-jdbc\7.0.1\spring-jdbc-7.0.1.jar;C:\Users\mateb\.m2\repository\org\springframework\boot\spring-boot-starter-flyway\4.0.0\spring-boot-starter-flyway-4.0.0.jar;C:\Users\mateb\.m2\repository\org\springframework\boot\spring-boot-flyway\4.0.0\spring-boot-flyway-4.0.0.jar;C:\Users\mateb\.m2\repository\org\springframework\boot\spring-boot-starter-security\4.0.0\spring-boot-starter-security-4.0.0.jar;C:\Users\mateb\.m2\repository\org\springframework\boot\spring-boot-security\4.0.0\spring-boot-security-4.0.0.jar;C:\Users\mateb\.m2\repository\org\springframework\security\spring-security-config\7.0.0\spring-security-config-7.0.0.jar;C:\Users\mateb\.m2\repository\org\springframework\security\spring-security-core\7.0.0\spring-security-core-7.0.0.jar;C:\Users\mateb\.m2\repository\org\springframework\security\spring-security-crypto\7.0.0\spring-security-crypto-7.0.0.jar;C:\Users\mateb\.m2\repository\org\springframework\security\spring-security-web\7.0.0\spring-security-web-7.0.0.jar;C:\Users\mateb\.m2\repository\org\springframework\spring-aop\7.0.1\spring-aop-7.0.1.jar;C:\Users\mateb\.m2\repository\org\springframework\spring-beans\7.0.1\spring-beans-7.0.1.jar;C:\Users\mateb\.m2\repository\org\springframework\boot\spring-boot-starter-security-oauth2-authorization-server\4.0.0\spring-boot-starter-security-oauth2-authorization-server-4.0.0.jar;C:\Users\mateb\.m2\repository\org\springframework\boot\spring-boot-security-oauth2-authorization-server\4.0.0\spring-boot-security-oauth2-authorization-server-4.0.0.jar;C:\Users\mateb\.m2\repository\org\springframework\security\spring-security-oauth2-authorization-server\7.0.0\spring-security-oauth2-authorization-server-7.0.0.jar;C:\Users\mateb\.m2\repository\org\springframework\security\spring-security-oauth2-core\7.0.0\spring-security-oauth2-core-7.0.0.jar;C:\Users\mateb\.m2\repository\org\springframework\security\spring-security-oauth2-jose\7.0.0\spring-security-oauth2-jose-7.0.0.jar;C:\Users\mateb\.m2\repository\org\springframework\security\spring-security-oauth2-resource-server\7.0.0\spring-security-oauth2-resource-server-7.0.0.jar;C:\Users\mateb\.m2\repository\com\nimbusds\nimbus-jose-jwt\10.4\nimbus-jose-jwt-10.4.jar;C:\Users\mateb\.m2\repository\tools\jackson\core\jackson-databind\3.0.2\jackson-databind-3.0.2.jar;C:\Users\mateb\.m2\repository\tools\jackson\core\jackson-core\3.0.2\jackson-core-3.0.2.jar;C:\Users\mateb\.m2\repository\org\springframework\boot\spring-boot-starter-validation\4.0.0\spring-boot-starter-validation-4.0.0.jar;C:\Users\mateb\.m2\repository\org\springframework\boot\spring-boot-validation\4.0.0\spring-boot-validation-4.0.0.jar;C:\Users\mateb\.m2\repository\org\apache\tomcat\embed\tomcat-embed-el\11.0.14\tomcat-embed-el-11.0.14.jar;C:\Users\mateb\.m2\repository\org\hibernate\validator\hibernate-validator\9.0.1.Final\hibernate-validator-9.0.1.Final.jar;C:\Users\mateb\.m2\repository\jakarta\validation\jakarta.validation-api\3.1.1\jakarta.validation-api-3.1.1.jar;C:\Users\mateb\.m2\repository\org\jboss\logging\jboss-logging\3.6.1.Final\jboss-logging-3.6.1.Final.jar;C:\Users\mateb\.m2\repository\com\fasterxml\classmate\1.7.1\classmate-1.7.1.jar;C:\Users\mateb\.m2\repository\org\springframework\boot\spring-boot-starter-webmvc\4.0.0\spring-boot-starter-webmvc-4.0.0.jar;C:\Users\mateb\.m2\repository\org\springframework\boot\spring-boot-starter-jackson\4.0.0\spring-boot-starter-jackson-4.0.0.jar;C:\Users\mateb\.m2\repository\org\springframework\boot\spring-boot-jackson\4.0.0\spring-boot-jackson-4.0.0.jar;C:\Users\mateb\.m2\repository\org\springframework\boot\spring-boot-starter-tomcat\4.0.0\spring-boot-starter-tomcat-4.0.0.jar;C:\Users\mateb\.m2\repository\org\springframework\boot\spring-boot-starter-tomcat-runtime\4.0.0\spring-boot-starter-tomcat-runtime-4.0.0.jar;C:\Users\mateb\.m2\repository\org\apache\tomcat\embed\tomcat-embed-core\11.0.14\tomcat-embed-core-11.0.14.jar;C:\Users\mateb\.m2\repository\org\apache\tomcat\embed\tomcat-embed-websocket\11.0.14\tomcat-embed-websocket-11.0.14.jar;C:\Users\mateb\.m2\repository\org\springframework\boot\spring-boot-tomcat\4.0.0\spring-boot-tomcat-4.0.0.jar;C:\Users\mateb\.m2\repository\org\springframework\boot\spring-boot-http-converter\4.0.0\spring-boot-http-converter-4.0.0.jar;C:\Users\mateb\.m2\repository\org\springframework\spring-web\7.0.1\spring-web-7.0.1.jar;C:\Users\mateb\.m2\repository\org\springframework\boot\spring-boot-webmvc\4.0.0\spring-boot-webmvc-4.0.0.jar;C:\Users\mateb\.m2\repository\org\springframework\boot\spring-boot-servlet\4.0.0\spring-boot-servlet-4.0.0.jar;C:\Users\mateb\.m2\repository\org\springframework\spring-webmvc\7.0.1\spring-webmvc-7.0.1.jar;C:\Users\mateb\.m2\repository\org\springframework\kafka\spring-kafka\4.0.0\spring-kafka-4.0.0.jar;C:\Users\mateb\.m2\repository\org\springframework\spring-context\7.0.1\spring-context-7.0.1.jar;C:\Users\mateb\.m2\repository\org\springframework\spring-expression\7.0.1\spring-expression-7.0.1.jar;C:\Users\mateb\.m2\repository\org\springframework\spring-messaging\7.0.1\spring-messaging-7.0.1.jar;C:\Users\mateb\.m2\repository\org\springframework\spring-tx\7.0.1\spring-tx-7.0.1.jar;C:\Users\mateb\.m2\repository\org\apache\kafka\kafka-clients\4.1.1\kafka-clients-4.1.1.jar;C:\Users\mateb\.m2\repository\com\github\luben\zstd-jni\1.5.6-10\zstd-jni-1.5.6-10.jar;C:\Users\mateb\.m2\repository\org\lz4\lz4-java\1.8.0\lz4-java-1.8.0.jar;C:\Users\mateb\.m2\repository\org\xerial\snappy\snappy-java\1.1.10.7\snappy-java-1.1.10.7.jar;C:\Users\mateb\.m2\repository\org\flywaydb\flyway-database-postgresql\11.14.1\flyway-database-postgresql-11.14.1.jar;C:\Users\mateb\.m2\repository\org\flywaydb\flyway-core\11.14.1\flyway-core-11.14.1.jar;C:\Users\mateb\.m2\repository\com\fasterxml\jackson\core\jackson-databind\2.20.1\jackson-databind-2.20.1.jar;C:\Users\mateb\.m2\repository\com\fasterxml\jackson\core\jackson-core\2.20.1\jackson-core-2.20.1.jar;C:\Users\mateb\.m2\repository\org\postgresql\postgresql\42.7.8\postgresql-42.7.8.jar;C:\Users\mateb\.m2\repository\org\checkerframework\checker-qual\3.49.5\checker-qual-3.49.5.jar;C:\Users\mateb\.m2\repository\org\projectlombok\lombok\1.18.42\lombok-1.18.42.jar;C:\Users\mateb\.m2\repository\org\springframework\boot\spring-boot-web-server\4.0.0\spring-boot-web-server-4.0.0.jar;C:\Users\mateb\.m2\repository\org\springdoc\springdoc-openapi-starter-webmvc-ui\2.8.6\springdoc-openapi-starter-webmvc-ui-2.8.6.jar;C:\Users\mateb\.m2\repository\org\springdoc\springdoc-openapi-starter-webmvc-api\2.8.6\springdoc-openapi-starter-webmvc-api-2.8.6.jar;C:\Users\mateb\.m2\repository\org\springdoc\springdoc-openapi-starter-common\2.8.6\springdoc-openapi-starter-common-2.8.6.jar;C:\Users\mateb\.m2\repository\io\swagger\core\v3\swagger-core-jakarta\2.2.29\swagger-core-jakarta-2.2.29.jar;C:\Users\mateb\.m2\repository\org\apache\commons\commons-lang3\3.19.0\commons-lang3-3.19.0.jar;C:\Users\mateb\.m2\repository\io\swagger\core\v3\swagger-annotations-jakarta\2.2.29\swagger-annotations-jakarta-2.2.29.jar;C:\Users\mateb\.m2\repository\io\swagger\core\v3\swagger-models-jakarta\2.2.29\swagger-models-jakarta-2.2.29.jar;C:\Users\mateb\.m2\repository\com\fasterxml\jackson\dataformat\jackson-dataformat-yaml\2.20.1\jackson-dataformat-yaml-2.20.1.jar;C:\Users\mateb\.m2\repository\com\fasterxml\jackson\datatype\jackson-datatype-jsr310\2.20.1\jackson-datatype-jsr310-2.20.1.jar;C:\Users\mateb\.m2\repository\org\webjars\swagger-ui\5.20.1\swagger-ui-5.20.1.jar;C:\Users\mateb\.m2\repository\org\webjars\webjars-locator-lite\1.1.2\webjars-locator-lite-1.1.2.jar;C:\Users\mateb\.m2\repository\jakarta\xml\bind\jakarta.xml.bind-api\4.0.4\jakarta.xml.bind-api-4.0.4.jar;C:\Users\mateb\.m2\repository\jakarta\activation\jakarta.activation-api\2.1.4\jakarta.activation-api-2.1.4.jar;C:\Users\mateb\.m2\repository\net\bytebuddy\byte-buddy\1.17.8\byte-buddy-1.17.8.jar;C:\Users\mateb\.m2\repository\org\springframework\spring-core\7.0.1\spring-core-7.0.1.jar;C:\Users\mateb\.m2\repository\commons-logging\commons-logging\1.3.5\commons-logging-1.3.5.jar;C:\Users\mateb\.m2\repository\org\slf4j\slf4j-api\2.0.17\slf4j-api-2.0.17.jar;C:\Users\mateb\.m2\repository\com\fasterxml\jackson\core\jackson-annotations\2.20\jackson-annotations-2.20.jar
Launcher Type: SUN_STANDARD

[Global flags]
     intx CICompilerCount                          = 4                                         {product} {ergonomic}
     uint ConcGCThreads                            = 2                                         {product} {ergonomic}
     uint G1ConcRefinementThreads                  = 8                                         {product} {ergonomic}
   size_t G1HeapRegionSize                         = 1048576                                   {product} {ergonomic}
    uintx GCDrainStackTargetSize                   = 64                                        {product} {ergonomic}
   size_t InitialHeapSize                          = 117440512                                 {product} {ergonomic}
   size_t MarkStackSize                            = 4194304                                   {product} {ergonomic}
   size_t MaxHeapSize                              = 1862270976                                {product} {ergonomic}
   size_t MaxNewSize                               = 1116733440                                {product} {ergonomic}
   size_t MinHeapDeltaBytes                        = 1048576                                   {product} {ergonomic}
   size_t MinHeapSize                              = 8388608                                   {product} {ergonomic}
    uintx NonNMethodCodeHeapSize                   = 5839372                                {pd product} {ergonomic}
    uintx NonProfiledCodeHeapSize                  = 122909434                              {pd product} {ergonomic}
    uintx ProfiledCodeHeapSize                     = 122909434                              {pd product} {ergonomic}
    uintx ReservedCodeCacheSize                    = 251658240                              {pd product} {ergonomic}
     bool SegmentedCodeCache                       = true                                      {product} {ergonomic}
   size_t SoftMaxHeapSize                          = 1862270976                             {manageable} {ergonomic}
     bool UseCompressedOops                        = true                           {product lp64_product} {ergonomic}
     bool UseG1GC                                  = true                                      {product} {ergonomic}
     bool UseLargePagesIndividualAllocation        = false                                  {pd product} {ergonomic}

Logging:
Log output configuration:
 #0: stdout all=warning uptime,level,tags foldmultilines=false
 #1: stderr all=off uptime,level,tags foldmultilines=false

Release file:
IMPLEMENTOR="Amazon.com Inc." 
IMPLEMENTOR_VERSION="Corretto-21.0.10.7.1" 
JAVA_RUNTIME_VERSION="21.0.10+7-LTS" 
JAVA_VERSION="21.0.10" 
JAVA_VERSION_DATE="2026-01-20" 
LIBC="default" 
MODULES="java.base java.compiler java.datatransfer java.xml java.prefs java.desktop java.instrument java.logging java.management java.security.sasl java.naming java.rmi java.management.rmi java.net.http java.scripting java.security.jgss java.transaction.xa java.sql java.sql.rowset java.xml.crypto java.se java.smartcardio jdk.accessibility jdk.internal.jvmstat jdk.attach jdk.charsets jdk.internal.opt jdk.zipfs jdk.compiler jdk.crypto.ec jdk.crypto.cryptoki jdk.crypto.mscapi jdk.dynalink jdk.internal.ed jdk.editpad jdk.hotspot.agent jdk.httpserver jdk.incubator.vector jdk.internal.le jdk.internal.vm.ci jdk.internal.vm.compiler jdk.internal.vm.compiler.management jdk.jartool jdk.javadoc jdk.jcmd jdk.management jdk.management.agent jdk.jconsole jdk.jdeps jdk.jdwp.agent jdk.jdi jdk.jfr jdk.jlink jdk.jpackage jdk.jshell jdk.jsobject jdk.jstatd jdk.localedata jdk.management.jfr jdk.naming.dns jdk.naming.rmi jdk.net jdk.nio.mapmode jdk.random jdk.sctp jdk.security.auth jdk.security.jgss jdk.unsupported jdk.unsupported.desktop jdk.xml.dom" 
OS_ARCH="x86_64" 
OS_NAME="Windows" 
SOURCE="" 

Environment Variables:
JAVA_HOME=C:\Java\jdk-21.0.6
PATH=C:\Program Files (x86)\Common Files\Intel\Shared Libraries\redist\intel64\compiler;C:\Program Files\Java\jdk-1.8\bin;C:\Users\mateb\AppData\Roaming\nvm;C:\Program Files\nodejs;C:\apache-maven-3.9.4\bin;C:\Program Files\Git\cmd;C:\keycloak-25.0.5\bin;C:\Program Files (x86)\Microsoft SQL Server\160\Tools\Binn\;C:\Program Files\Microsoft SQL Server\160\Tools\Binn\;C:\Program Files\Microsoft SQL Server\Client SDK\ODBC\170\Tools\Binn\;C:\Program Files\Microsoft SQL Server\160\DTS\Binn\;C:\Program Files\MongoDB\mongosh-2.3.9-win32-x64\bin;C:\Windows\System32\OpenSSH;C:\Program Files\nodejs\;C:\hadoop\bin;C:\hadoop\sbin;C:\Program Files\MongoDB\Server\8.0\bin;;C:\WINDOWS\system32;C:\WINDOWS;C:\WINDOWS\System32\Wbem;C:\WINDOWS\System32\WindowsPowerShell\v1.0\;C:\WINDOWS\System32\OpenSSH\;C:\Program Files\Docker\Docker\resources\bin;C:\Program Files\D2\;C:\Users\mateb\AppData\Local\Programs\Python\Python312\Scripts;C:\Users\mateb\AppData\Local\Programs\Python\Python312\;C:\Users\mateb\AppData\Local\Microsoft\WindowsApps;C:\Microsoft VS Code\bin;C:\Program Files\JetBrains\IntelliJ IDEA Community Edition 2022.3.2\bin;C:\OpenCv\opencv\build;C:\Program Files\JetBrains\PyCharm Community Edition 2023.2.1\bin;C:\Program Files\JetBrains\IntelliJ IDEA 2023.1.3\bin;C:\Program Files\JetBrains\PyCharm 2024.1\bin;C:\Users\mateb\AppData\Roaming\nvm;C:\Program Files\nodejs;C:\keycloak-25.0.5\bin;C:\Users\mateb\AppData\Local\Android\Sdk\platform-tools;C:\kubernetes;C:\java projects\innowise project\k8s;C:\Windows\System32\OpenSSH;C:\Users\mateb\AppData\Roaming\npm;C:\Java\jdk-21.0.6\bin;C:\hadoop\bin;C:\Users\mateb\AppData\Local\JetBrains\Toolbox\scripts;C:\Program Files\JetBrains\IntelliJ IDEA Community Edition 2024.1\bin;;C:\cursor\resources\app\bin;C:\Program Files\D2;
USERNAME=mateb
OS=Windows_NT
PROCESSOR_IDENTIFIER=AMD64 Family 23 Model 24 Stepping 1, AuthenticAMD
TMP=C:\Users\mateb\AppData\Local\Temp
TEMP=C:\Users\mateb\AppData\Local\Temp




Periodic native trim disabled

---------------  S Y S T E M  ---------------

OS:
 Windows 11 , 64 bit Build 26100 (10.0.26100.8246)
OS uptime: 0 days 16:11 hours
Hyper-V role detected

CPU: total 8 (initial active 8) (8 cores per cpu, 2 threads per core) family 23 model 24 stepping 1 microcode 0x8108109, cx8, cmov, fxsr, ht, mmx, 3dnowpref, sse, sse2, sse3, ssse3, sse4a, sse4.1, sse4.2, popcnt, lzcnt, tsc, tscinvbit, avx, avx2, aes, clmul, bmi1, bmi2, adx, sha, fma, vzeroupper, clflush, clflushopt, hv, rdtscp, f16c
Processor Information for the first 8 processors :
  Max Mhz: 2100, Current Mhz: 2100, Mhz Limit: 2100

Memory: 4k page, system-wide physical 7103M (698M free)
TotalPageFile size 28607M (AvailPageFile size 31M)
current process WorkingSet (physical memory assigned to process): 54M, peak: 332M
current process commit charge ("private bytes"): 426M, peak: 427M

vm_info: OpenJDK 64-Bit Server VM (21.0.10+7-LTS) for windows-amd64 JRE (21.0.10+7-LTS), built on 2026-01-15T22:13:46Z by "Administrator" with MS VC++ 17.14 (VS2022)

END.
